ARM GAS  /tmp/cc09RwwO.s 			page 1


   1              		.cpu cortex-m0
   2              		.arch armv6s-m
   3              		.fpu softvfp
   4              		.eabi_attribute 20, 1
   5              		.eabi_attribute 21, 1
   6              		.eabi_attribute 23, 3
   7              		.eabi_attribute 24, 1
   8              		.eabi_attribute 25, 1
   9              		.eabi_attribute 26, 1
  10              		.eabi_attribute 30, 6
  11              		.eabi_attribute 34, 0
  12              		.eabi_attribute 18, 4
  13              		.file	"stm32f0xx_hal_exti.c"
  14              		.text
  15              	.Ltext0:
  16              		.cfi_sections	.debug_frame
  17              		.file 1 "Drivers/STM32F0xx_HAL_Driver/Src/stm32f0xx_hal_exti.c"
  18              		.section	.text.HAL_EXTI_SetConfigLine,"ax",%progbits
  19              		.align	1
  20              		.global	HAL_EXTI_SetConfigLine
  21              		.syntax unified
  22              		.code	16
  23              		.thumb_func
  25              	HAL_EXTI_SetConfigLine:
  26              	.LFB40:
   1:Drivers/STM32F0xx_HAL_Driver/Src/stm32f0xx_hal_exti.c **** /**
   2:Drivers/STM32F0xx_HAL_Driver/Src/stm32f0xx_hal_exti.c ****   ******************************************************************************
   3:Drivers/STM32F0xx_HAL_Driver/Src/stm32f0xx_hal_exti.c ****   * @file    stm32f0xx_hal_exti.c
   4:Drivers/STM32F0xx_HAL_Driver/Src/stm32f0xx_hal_exti.c ****   * @author  MCD Application Team
   5:Drivers/STM32F0xx_HAL_Driver/Src/stm32f0xx_hal_exti.c ****   * @brief   EXTI HAL module driver.
   6:Drivers/STM32F0xx_HAL_Driver/Src/stm32f0xx_hal_exti.c ****   *          This file provides firmware functions to manage the following
   7:Drivers/STM32F0xx_HAL_Driver/Src/stm32f0xx_hal_exti.c ****   *          functionalities of the Extended Interrupts and events controller (EXTI) peripheral:
   8:Drivers/STM32F0xx_HAL_Driver/Src/stm32f0xx_hal_exti.c ****   *           + Initialization and de-initialization functions
   9:Drivers/STM32F0xx_HAL_Driver/Src/stm32f0xx_hal_exti.c ****   *           + IO operation functions
  10:Drivers/STM32F0xx_HAL_Driver/Src/stm32f0xx_hal_exti.c ****   *
  11:Drivers/STM32F0xx_HAL_Driver/Src/stm32f0xx_hal_exti.c ****   @verbatim
  12:Drivers/STM32F0xx_HAL_Driver/Src/stm32f0xx_hal_exti.c ****   ==============================================================================
  13:Drivers/STM32F0xx_HAL_Driver/Src/stm32f0xx_hal_exti.c ****                     ##### EXTI Peripheral features #####
  14:Drivers/STM32F0xx_HAL_Driver/Src/stm32f0xx_hal_exti.c ****   ==============================================================================
  15:Drivers/STM32F0xx_HAL_Driver/Src/stm32f0xx_hal_exti.c ****   [..]
  16:Drivers/STM32F0xx_HAL_Driver/Src/stm32f0xx_hal_exti.c ****     (+) Each Exti line can be configured within this driver.
  17:Drivers/STM32F0xx_HAL_Driver/Src/stm32f0xx_hal_exti.c **** 
  18:Drivers/STM32F0xx_HAL_Driver/Src/stm32f0xx_hal_exti.c ****     (+) Exti line can be configured in 3 different modes
  19:Drivers/STM32F0xx_HAL_Driver/Src/stm32f0xx_hal_exti.c ****         (++) Interrupt
  20:Drivers/STM32F0xx_HAL_Driver/Src/stm32f0xx_hal_exti.c ****         (++) Event
  21:Drivers/STM32F0xx_HAL_Driver/Src/stm32f0xx_hal_exti.c ****         (++) Both of them
  22:Drivers/STM32F0xx_HAL_Driver/Src/stm32f0xx_hal_exti.c **** 
  23:Drivers/STM32F0xx_HAL_Driver/Src/stm32f0xx_hal_exti.c ****     (+) Configurable Exti lines can be configured with 3 different triggers
  24:Drivers/STM32F0xx_HAL_Driver/Src/stm32f0xx_hal_exti.c ****         (++) Rising
  25:Drivers/STM32F0xx_HAL_Driver/Src/stm32f0xx_hal_exti.c ****         (++) Falling
  26:Drivers/STM32F0xx_HAL_Driver/Src/stm32f0xx_hal_exti.c ****         (++) Both of them
  27:Drivers/STM32F0xx_HAL_Driver/Src/stm32f0xx_hal_exti.c **** 
  28:Drivers/STM32F0xx_HAL_Driver/Src/stm32f0xx_hal_exti.c ****     (+) When set in interrupt mode, configurable Exti lines have two different
  29:Drivers/STM32F0xx_HAL_Driver/Src/stm32f0xx_hal_exti.c ****         interrupts pending registers which allow to distinguish which transition
  30:Drivers/STM32F0xx_HAL_Driver/Src/stm32f0xx_hal_exti.c ****         occurs:
  31:Drivers/STM32F0xx_HAL_Driver/Src/stm32f0xx_hal_exti.c ****         (++) Rising edge pending interrupt
  32:Drivers/STM32F0xx_HAL_Driver/Src/stm32f0xx_hal_exti.c ****         (++) Falling
ARM GAS  /tmp/cc09RwwO.s 			page 2


  33:Drivers/STM32F0xx_HAL_Driver/Src/stm32f0xx_hal_exti.c **** 
  34:Drivers/STM32F0xx_HAL_Driver/Src/stm32f0xx_hal_exti.c ****     (+) Exti lines 0 to 15 are linked to gpio pin number 0 to 15. Gpio port can
  35:Drivers/STM32F0xx_HAL_Driver/Src/stm32f0xx_hal_exti.c ****         be selected through multiplexer.
  36:Drivers/STM32F0xx_HAL_Driver/Src/stm32f0xx_hal_exti.c **** 
  37:Drivers/STM32F0xx_HAL_Driver/Src/stm32f0xx_hal_exti.c ****                      ##### How to use this driver #####
  38:Drivers/STM32F0xx_HAL_Driver/Src/stm32f0xx_hal_exti.c ****   ==============================================================================
  39:Drivers/STM32F0xx_HAL_Driver/Src/stm32f0xx_hal_exti.c ****   [..]
  40:Drivers/STM32F0xx_HAL_Driver/Src/stm32f0xx_hal_exti.c **** 
  41:Drivers/STM32F0xx_HAL_Driver/Src/stm32f0xx_hal_exti.c ****     (#) Configure the EXTI line using HAL_EXTI_SetConfigLine().
  42:Drivers/STM32F0xx_HAL_Driver/Src/stm32f0xx_hal_exti.c ****         (++) Choose the interrupt line number by setting "Line" member from
  43:Drivers/STM32F0xx_HAL_Driver/Src/stm32f0xx_hal_exti.c ****              EXTI_ConfigTypeDef structure.
  44:Drivers/STM32F0xx_HAL_Driver/Src/stm32f0xx_hal_exti.c ****         (++) Configure the interrupt and/or event mode using "Mode" member from
  45:Drivers/STM32F0xx_HAL_Driver/Src/stm32f0xx_hal_exti.c ****              EXTI_ConfigTypeDef structure.
  46:Drivers/STM32F0xx_HAL_Driver/Src/stm32f0xx_hal_exti.c ****         (++) For configurable lines, configure rising and/or falling trigger
  47:Drivers/STM32F0xx_HAL_Driver/Src/stm32f0xx_hal_exti.c ****              "Trigger" member from EXTI_ConfigTypeDef structure.
  48:Drivers/STM32F0xx_HAL_Driver/Src/stm32f0xx_hal_exti.c ****         (++) For Exti lines linked to gpio, choose gpio port using "GPIOSel"
  49:Drivers/STM32F0xx_HAL_Driver/Src/stm32f0xx_hal_exti.c ****              member from GPIO_InitTypeDef structure.
  50:Drivers/STM32F0xx_HAL_Driver/Src/stm32f0xx_hal_exti.c **** 
  51:Drivers/STM32F0xx_HAL_Driver/Src/stm32f0xx_hal_exti.c ****     (#) Get current Exti configuration of a dedicated line using
  52:Drivers/STM32F0xx_HAL_Driver/Src/stm32f0xx_hal_exti.c ****         HAL_EXTI_GetConfigLine().
  53:Drivers/STM32F0xx_HAL_Driver/Src/stm32f0xx_hal_exti.c ****         (++) Provide exiting handle as parameter.
  54:Drivers/STM32F0xx_HAL_Driver/Src/stm32f0xx_hal_exti.c ****         (++) Provide pointer on EXTI_ConfigTypeDef structure as second parameter.
  55:Drivers/STM32F0xx_HAL_Driver/Src/stm32f0xx_hal_exti.c **** 
  56:Drivers/STM32F0xx_HAL_Driver/Src/stm32f0xx_hal_exti.c ****     (#) Clear Exti configuration of a dedicated line using HAL_EXTI_GetConfigLine().
  57:Drivers/STM32F0xx_HAL_Driver/Src/stm32f0xx_hal_exti.c ****         (++) Provide exiting handle as parameter.
  58:Drivers/STM32F0xx_HAL_Driver/Src/stm32f0xx_hal_exti.c **** 
  59:Drivers/STM32F0xx_HAL_Driver/Src/stm32f0xx_hal_exti.c ****     (#) Register callback to treat Exti interrupts using HAL_EXTI_RegisterCallback().
  60:Drivers/STM32F0xx_HAL_Driver/Src/stm32f0xx_hal_exti.c ****         (++) Provide exiting handle as first parameter.
  61:Drivers/STM32F0xx_HAL_Driver/Src/stm32f0xx_hal_exti.c ****         (++) Provide which callback will be registered using one value from
  62:Drivers/STM32F0xx_HAL_Driver/Src/stm32f0xx_hal_exti.c ****              EXTI_CallbackIDTypeDef.
  63:Drivers/STM32F0xx_HAL_Driver/Src/stm32f0xx_hal_exti.c ****         (++) Provide callback function pointer.
  64:Drivers/STM32F0xx_HAL_Driver/Src/stm32f0xx_hal_exti.c **** 
  65:Drivers/STM32F0xx_HAL_Driver/Src/stm32f0xx_hal_exti.c ****     (#) Get interrupt pending bit using HAL_EXTI_GetPending().
  66:Drivers/STM32F0xx_HAL_Driver/Src/stm32f0xx_hal_exti.c **** 
  67:Drivers/STM32F0xx_HAL_Driver/Src/stm32f0xx_hal_exti.c ****     (#) Clear interrupt pending bit using HAL_EXTI_GetPending().
  68:Drivers/STM32F0xx_HAL_Driver/Src/stm32f0xx_hal_exti.c **** 
  69:Drivers/STM32F0xx_HAL_Driver/Src/stm32f0xx_hal_exti.c ****     (#) Generate software interrupt using HAL_EXTI_GenerateSWI().
  70:Drivers/STM32F0xx_HAL_Driver/Src/stm32f0xx_hal_exti.c **** 
  71:Drivers/STM32F0xx_HAL_Driver/Src/stm32f0xx_hal_exti.c ****   @endverbatim
  72:Drivers/STM32F0xx_HAL_Driver/Src/stm32f0xx_hal_exti.c ****   ******************************************************************************
  73:Drivers/STM32F0xx_HAL_Driver/Src/stm32f0xx_hal_exti.c ****   * @attention
  74:Drivers/STM32F0xx_HAL_Driver/Src/stm32f0xx_hal_exti.c ****   *
  75:Drivers/STM32F0xx_HAL_Driver/Src/stm32f0xx_hal_exti.c ****   * <h2><center>&copy; Copyright (c) 2019 STMicroelectronics.
  76:Drivers/STM32F0xx_HAL_Driver/Src/stm32f0xx_hal_exti.c ****   * All rights reserved.</center></h2>
  77:Drivers/STM32F0xx_HAL_Driver/Src/stm32f0xx_hal_exti.c ****   *
  78:Drivers/STM32F0xx_HAL_Driver/Src/stm32f0xx_hal_exti.c ****   * This software component is licensed by ST under BSD 3-Clause license,
  79:Drivers/STM32F0xx_HAL_Driver/Src/stm32f0xx_hal_exti.c ****   * the "License"; You may not use this file except in compliance with the
  80:Drivers/STM32F0xx_HAL_Driver/Src/stm32f0xx_hal_exti.c ****   * License. You may obtain a copy of the License at:
  81:Drivers/STM32F0xx_HAL_Driver/Src/stm32f0xx_hal_exti.c ****   *                        opensource.org/licenses/BSD-3-Clause
  82:Drivers/STM32F0xx_HAL_Driver/Src/stm32f0xx_hal_exti.c ****   *
  83:Drivers/STM32F0xx_HAL_Driver/Src/stm32f0xx_hal_exti.c ****   ******************************************************************************
  84:Drivers/STM32F0xx_HAL_Driver/Src/stm32f0xx_hal_exti.c ****   */
  85:Drivers/STM32F0xx_HAL_Driver/Src/stm32f0xx_hal_exti.c **** 
  86:Drivers/STM32F0xx_HAL_Driver/Src/stm32f0xx_hal_exti.c **** /* Includes ------------------------------------------------------------------*/
  87:Drivers/STM32F0xx_HAL_Driver/Src/stm32f0xx_hal_exti.c **** #include "stm32f0xx_hal.h"
  88:Drivers/STM32F0xx_HAL_Driver/Src/stm32f0xx_hal_exti.c **** 
  89:Drivers/STM32F0xx_HAL_Driver/Src/stm32f0xx_hal_exti.c **** /** @addtogroup STM32F0xx_HAL_Driver
ARM GAS  /tmp/cc09RwwO.s 			page 3


  90:Drivers/STM32F0xx_HAL_Driver/Src/stm32f0xx_hal_exti.c ****   * @{
  91:Drivers/STM32F0xx_HAL_Driver/Src/stm32f0xx_hal_exti.c ****   */
  92:Drivers/STM32F0xx_HAL_Driver/Src/stm32f0xx_hal_exti.c **** 
  93:Drivers/STM32F0xx_HAL_Driver/Src/stm32f0xx_hal_exti.c **** /** @addtogroup EXTI
  94:Drivers/STM32F0xx_HAL_Driver/Src/stm32f0xx_hal_exti.c ****   * @{
  95:Drivers/STM32F0xx_HAL_Driver/Src/stm32f0xx_hal_exti.c ****   */
  96:Drivers/STM32F0xx_HAL_Driver/Src/stm32f0xx_hal_exti.c **** /** MISRA C:2012 deviation rule has been granted for following rule:
  97:Drivers/STM32F0xx_HAL_Driver/Src/stm32f0xx_hal_exti.c ****   * Rule-18.1_b - Medium: Array `EXTICR' 1st subscript interval [0,7] may be out
  98:Drivers/STM32F0xx_HAL_Driver/Src/stm32f0xx_hal_exti.c ****   * of bounds [0,3] in following API :
  99:Drivers/STM32F0xx_HAL_Driver/Src/stm32f0xx_hal_exti.c ****   * HAL_EXTI_SetConfigLine
 100:Drivers/STM32F0xx_HAL_Driver/Src/stm32f0xx_hal_exti.c ****   * HAL_EXTI_GetConfigLine
 101:Drivers/STM32F0xx_HAL_Driver/Src/stm32f0xx_hal_exti.c ****   * HAL_EXTI_ClearConfigLine
 102:Drivers/STM32F0xx_HAL_Driver/Src/stm32f0xx_hal_exti.c ****   */
 103:Drivers/STM32F0xx_HAL_Driver/Src/stm32f0xx_hal_exti.c **** 
 104:Drivers/STM32F0xx_HAL_Driver/Src/stm32f0xx_hal_exti.c **** #ifdef HAL_EXTI_MODULE_ENABLED
 105:Drivers/STM32F0xx_HAL_Driver/Src/stm32f0xx_hal_exti.c **** 
 106:Drivers/STM32F0xx_HAL_Driver/Src/stm32f0xx_hal_exti.c **** /* Private typedef -----------------------------------------------------------*/
 107:Drivers/STM32F0xx_HAL_Driver/Src/stm32f0xx_hal_exti.c **** /* Private defines -----------------------------------------------------------*/
 108:Drivers/STM32F0xx_HAL_Driver/Src/stm32f0xx_hal_exti.c **** /** @defgroup EXTI_Private_Constants EXTI Private Constants
 109:Drivers/STM32F0xx_HAL_Driver/Src/stm32f0xx_hal_exti.c ****   * @{
 110:Drivers/STM32F0xx_HAL_Driver/Src/stm32f0xx_hal_exti.c ****   */
 111:Drivers/STM32F0xx_HAL_Driver/Src/stm32f0xx_hal_exti.c **** 
 112:Drivers/STM32F0xx_HAL_Driver/Src/stm32f0xx_hal_exti.c **** /**
 113:Drivers/STM32F0xx_HAL_Driver/Src/stm32f0xx_hal_exti.c ****   * @}
 114:Drivers/STM32F0xx_HAL_Driver/Src/stm32f0xx_hal_exti.c ****   */
 115:Drivers/STM32F0xx_HAL_Driver/Src/stm32f0xx_hal_exti.c **** 
 116:Drivers/STM32F0xx_HAL_Driver/Src/stm32f0xx_hal_exti.c **** /* Private macros ------------------------------------------------------------*/
 117:Drivers/STM32F0xx_HAL_Driver/Src/stm32f0xx_hal_exti.c **** /* Private variables ---------------------------------------------------------*/
 118:Drivers/STM32F0xx_HAL_Driver/Src/stm32f0xx_hal_exti.c **** /* Private function prototypes -----------------------------------------------*/
 119:Drivers/STM32F0xx_HAL_Driver/Src/stm32f0xx_hal_exti.c **** /* Exported functions --------------------------------------------------------*/
 120:Drivers/STM32F0xx_HAL_Driver/Src/stm32f0xx_hal_exti.c **** 
 121:Drivers/STM32F0xx_HAL_Driver/Src/stm32f0xx_hal_exti.c **** /** @addtogroup EXTI_Exported_Functions
 122:Drivers/STM32F0xx_HAL_Driver/Src/stm32f0xx_hal_exti.c ****   * @{
 123:Drivers/STM32F0xx_HAL_Driver/Src/stm32f0xx_hal_exti.c ****   */
 124:Drivers/STM32F0xx_HAL_Driver/Src/stm32f0xx_hal_exti.c **** 
 125:Drivers/STM32F0xx_HAL_Driver/Src/stm32f0xx_hal_exti.c **** /** @addtogroup EXTI_Exported_Functions_Group1
 126:Drivers/STM32F0xx_HAL_Driver/Src/stm32f0xx_hal_exti.c ****   *  @brief    Configuration functions
 127:Drivers/STM32F0xx_HAL_Driver/Src/stm32f0xx_hal_exti.c ****   *
 128:Drivers/STM32F0xx_HAL_Driver/Src/stm32f0xx_hal_exti.c **** @verbatim
 129:Drivers/STM32F0xx_HAL_Driver/Src/stm32f0xx_hal_exti.c ****  ===============================================================================
 130:Drivers/STM32F0xx_HAL_Driver/Src/stm32f0xx_hal_exti.c ****               ##### Configuration functions #####
 131:Drivers/STM32F0xx_HAL_Driver/Src/stm32f0xx_hal_exti.c ****  ===============================================================================
 132:Drivers/STM32F0xx_HAL_Driver/Src/stm32f0xx_hal_exti.c **** 
 133:Drivers/STM32F0xx_HAL_Driver/Src/stm32f0xx_hal_exti.c **** @endverbatim
 134:Drivers/STM32F0xx_HAL_Driver/Src/stm32f0xx_hal_exti.c ****   * @{
 135:Drivers/STM32F0xx_HAL_Driver/Src/stm32f0xx_hal_exti.c ****   */
 136:Drivers/STM32F0xx_HAL_Driver/Src/stm32f0xx_hal_exti.c **** 
 137:Drivers/STM32F0xx_HAL_Driver/Src/stm32f0xx_hal_exti.c **** /**
 138:Drivers/STM32F0xx_HAL_Driver/Src/stm32f0xx_hal_exti.c ****   * @brief  Set configuration of a dedicated Exti line.
 139:Drivers/STM32F0xx_HAL_Driver/Src/stm32f0xx_hal_exti.c ****   * @param  hexti Exti handle.
 140:Drivers/STM32F0xx_HAL_Driver/Src/stm32f0xx_hal_exti.c ****   * @param  pExtiConfig Pointer on EXTI configuration to be set.
 141:Drivers/STM32F0xx_HAL_Driver/Src/stm32f0xx_hal_exti.c ****   * @retval HAL Status.
 142:Drivers/STM32F0xx_HAL_Driver/Src/stm32f0xx_hal_exti.c ****   */
 143:Drivers/STM32F0xx_HAL_Driver/Src/stm32f0xx_hal_exti.c **** HAL_StatusTypeDef HAL_EXTI_SetConfigLine(EXTI_HandleTypeDef *hexti, EXTI_ConfigTypeDef *pExtiConfig
 144:Drivers/STM32F0xx_HAL_Driver/Src/stm32f0xx_hal_exti.c **** {
  27              		.loc 1 144 1
  28              		.cfi_startproc
ARM GAS  /tmp/cc09RwwO.s 			page 4


  29              		@ args = 0, pretend = 0, frame = 24
  30              		@ frame_needed = 1, uses_anonymous_args = 0
  31 0000 80B5     		push	{r7, lr}
  32              	.LCFI0:
  33              		.cfi_def_cfa_offset 8
  34              		.cfi_offset 7, -8
  35              		.cfi_offset 14, -4
  36 0002 86B0     		sub	sp, sp, #24
  37              	.LCFI1:
  38              		.cfi_def_cfa_offset 32
  39 0004 00AF     		add	r7, sp, #0
  40              	.LCFI2:
  41              		.cfi_def_cfa_register 7
  42 0006 7860     		str	r0, [r7, #4]
  43 0008 3960     		str	r1, [r7]
 145:Drivers/STM32F0xx_HAL_Driver/Src/stm32f0xx_hal_exti.c ****   uint32_t regval;
 146:Drivers/STM32F0xx_HAL_Driver/Src/stm32f0xx_hal_exti.c ****   uint32_t linepos;
 147:Drivers/STM32F0xx_HAL_Driver/Src/stm32f0xx_hal_exti.c ****   uint32_t maskline;
 148:Drivers/STM32F0xx_HAL_Driver/Src/stm32f0xx_hal_exti.c **** 
 149:Drivers/STM32F0xx_HAL_Driver/Src/stm32f0xx_hal_exti.c ****   /* Check null pointer */
 150:Drivers/STM32F0xx_HAL_Driver/Src/stm32f0xx_hal_exti.c ****   if ((hexti == NULL) || (pExtiConfig == NULL))
  44              		.loc 1 150 6
  45 000a 7B68     		ldr	r3, [r7, #4]
  46 000c 002B     		cmp	r3, #0
  47 000e 02D0     		beq	.L2
  48              		.loc 1 150 23 discriminator 1
  49 0010 3B68     		ldr	r3, [r7]
  50 0012 002B     		cmp	r3, #0
  51 0014 01D1     		bne	.L3
  52              	.L2:
 151:Drivers/STM32F0xx_HAL_Driver/Src/stm32f0xx_hal_exti.c ****   {
 152:Drivers/STM32F0xx_HAL_Driver/Src/stm32f0xx_hal_exti.c ****     return HAL_ERROR;
  53              		.loc 1 152 12
  54 0016 0123     		movs	r3, #1
  55 0018 8DE0     		b	.L4
  56              	.L3:
 153:Drivers/STM32F0xx_HAL_Driver/Src/stm32f0xx_hal_exti.c ****   }
 154:Drivers/STM32F0xx_HAL_Driver/Src/stm32f0xx_hal_exti.c **** 
 155:Drivers/STM32F0xx_HAL_Driver/Src/stm32f0xx_hal_exti.c ****   /* Check parameters */
 156:Drivers/STM32F0xx_HAL_Driver/Src/stm32f0xx_hal_exti.c ****   assert_param(IS_EXTI_LINE(pExtiConfig->Line));
 157:Drivers/STM32F0xx_HAL_Driver/Src/stm32f0xx_hal_exti.c ****   assert_param(IS_EXTI_MODE(pExtiConfig->Mode));
 158:Drivers/STM32F0xx_HAL_Driver/Src/stm32f0xx_hal_exti.c **** 
 159:Drivers/STM32F0xx_HAL_Driver/Src/stm32f0xx_hal_exti.c ****   /* Assign line number to handle */
 160:Drivers/STM32F0xx_HAL_Driver/Src/stm32f0xx_hal_exti.c ****   hexti->Line = pExtiConfig->Line;
  57              		.loc 1 160 28
  58 001a 3B68     		ldr	r3, [r7]
  59 001c 1A68     		ldr	r2, [r3]
  60              		.loc 1 160 15
  61 001e 7B68     		ldr	r3, [r7, #4]
  62 0020 1A60     		str	r2, [r3]
 161:Drivers/STM32F0xx_HAL_Driver/Src/stm32f0xx_hal_exti.c **** 
 162:Drivers/STM32F0xx_HAL_Driver/Src/stm32f0xx_hal_exti.c ****   /* Compute line mask */
 163:Drivers/STM32F0xx_HAL_Driver/Src/stm32f0xx_hal_exti.c ****   linepos = (pExtiConfig->Line & EXTI_PIN_MASK);
  63              		.loc 1 163 25
  64 0022 3B68     		ldr	r3, [r7]
  65 0024 1B68     		ldr	r3, [r3]
  66              		.loc 1 163 11
ARM GAS  /tmp/cc09RwwO.s 			page 5


  67 0026 1F22     		movs	r2, #31
  68 0028 1340     		ands	r3, r2
  69 002a 7B61     		str	r3, [r7, #20]
 164:Drivers/STM32F0xx_HAL_Driver/Src/stm32f0xx_hal_exti.c ****   maskline = (1uL << linepos);
  70              		.loc 1 164 12
  71 002c 0122     		movs	r2, #1
  72 002e 7B69     		ldr	r3, [r7, #20]
  73 0030 9A40     		lsls	r2, r2, r3
  74 0032 1300     		movs	r3, r2
  75 0034 3B61     		str	r3, [r7, #16]
 165:Drivers/STM32F0xx_HAL_Driver/Src/stm32f0xx_hal_exti.c **** 
 166:Drivers/STM32F0xx_HAL_Driver/Src/stm32f0xx_hal_exti.c ****   /* Configure triggers for configurable lines */
 167:Drivers/STM32F0xx_HAL_Driver/Src/stm32f0xx_hal_exti.c ****   if ((pExtiConfig->Line & EXTI_CONFIG) != 0x00u)
  76              		.loc 1 167 19
  77 0036 3B68     		ldr	r3, [r7]
  78 0038 1A68     		ldr	r2, [r3]
  79              		.loc 1 167 26
  80 003a 8023     		movs	r3, #128
  81 003c 9B04     		lsls	r3, r3, #18
  82 003e 1340     		ands	r3, r2
  83              		.loc 1 167 6
  84 0040 52D0     		beq	.L5
 168:Drivers/STM32F0xx_HAL_Driver/Src/stm32f0xx_hal_exti.c ****   {
 169:Drivers/STM32F0xx_HAL_Driver/Src/stm32f0xx_hal_exti.c ****     assert_param(IS_EXTI_TRIGGER(pExtiConfig->Trigger));
 170:Drivers/STM32F0xx_HAL_Driver/Src/stm32f0xx_hal_exti.c **** 
 171:Drivers/STM32F0xx_HAL_Driver/Src/stm32f0xx_hal_exti.c ****     /* Configure rising trigger */
 172:Drivers/STM32F0xx_HAL_Driver/Src/stm32f0xx_hal_exti.c ****     /* Mask or set line */
 173:Drivers/STM32F0xx_HAL_Driver/Src/stm32f0xx_hal_exti.c ****     if ((pExtiConfig->Trigger & EXTI_TRIGGER_RISING) != 0x00u)
  85              		.loc 1 173 21
  86 0042 3B68     		ldr	r3, [r7]
  87 0044 9B68     		ldr	r3, [r3, #8]
  88              		.loc 1 173 31
  89 0046 0122     		movs	r2, #1
  90 0048 1340     		ands	r3, r2
  91              		.loc 1 173 8
  92 004a 06D0     		beq	.L6
 174:Drivers/STM32F0xx_HAL_Driver/Src/stm32f0xx_hal_exti.c ****     {
 175:Drivers/STM32F0xx_HAL_Driver/Src/stm32f0xx_hal_exti.c ****       EXTI->RTSR |= maskline;
  93              		.loc 1 175 11
  94 004c 3C4B     		ldr	r3, .L14
  95 004e 9968     		ldr	r1, [r3, #8]
  96 0050 3B4B     		ldr	r3, .L14
  97              		.loc 1 175 18
  98 0052 3A69     		ldr	r2, [r7, #16]
  99 0054 0A43     		orrs	r2, r1
 100 0056 9A60     		str	r2, [r3, #8]
 101 0058 06E0     		b	.L7
 102              	.L6:
 176:Drivers/STM32F0xx_HAL_Driver/Src/stm32f0xx_hal_exti.c ****     }
 177:Drivers/STM32F0xx_HAL_Driver/Src/stm32f0xx_hal_exti.c ****     else
 178:Drivers/STM32F0xx_HAL_Driver/Src/stm32f0xx_hal_exti.c ****     {
 179:Drivers/STM32F0xx_HAL_Driver/Src/stm32f0xx_hal_exti.c ****       EXTI->RTSR &= ~maskline;
 103              		.loc 1 179 11
 104 005a 394B     		ldr	r3, .L14
 105 005c 9A68     		ldr	r2, [r3, #8]
 106              		.loc 1 179 21
 107 005e 3B69     		ldr	r3, [r7, #16]
ARM GAS  /tmp/cc09RwwO.s 			page 6


 108 0060 D943     		mvns	r1, r3
 109              		.loc 1 179 11
 110 0062 374B     		ldr	r3, .L14
 111              		.loc 1 179 18
 112 0064 0A40     		ands	r2, r1
 113 0066 9A60     		str	r2, [r3, #8]
 114              	.L7:
 180:Drivers/STM32F0xx_HAL_Driver/Src/stm32f0xx_hal_exti.c ****     }
 181:Drivers/STM32F0xx_HAL_Driver/Src/stm32f0xx_hal_exti.c **** 
 182:Drivers/STM32F0xx_HAL_Driver/Src/stm32f0xx_hal_exti.c ****     /* Configure falling trigger */
 183:Drivers/STM32F0xx_HAL_Driver/Src/stm32f0xx_hal_exti.c ****     /* Mask or set line */
 184:Drivers/STM32F0xx_HAL_Driver/Src/stm32f0xx_hal_exti.c ****     if ((pExtiConfig->Trigger & EXTI_TRIGGER_FALLING) != 0x00u)
 115              		.loc 1 184 21
 116 0068 3B68     		ldr	r3, [r7]
 117 006a 9B68     		ldr	r3, [r3, #8]
 118              		.loc 1 184 31
 119 006c 0222     		movs	r2, #2
 120 006e 1340     		ands	r3, r2
 121              		.loc 1 184 8
 122 0070 06D0     		beq	.L8
 185:Drivers/STM32F0xx_HAL_Driver/Src/stm32f0xx_hal_exti.c ****     {
 186:Drivers/STM32F0xx_HAL_Driver/Src/stm32f0xx_hal_exti.c ****       EXTI->FTSR |= maskline;
 123              		.loc 1 186 11
 124 0072 334B     		ldr	r3, .L14
 125 0074 D968     		ldr	r1, [r3, #12]
 126 0076 324B     		ldr	r3, .L14
 127              		.loc 1 186 18
 128 0078 3A69     		ldr	r2, [r7, #16]
 129 007a 0A43     		orrs	r2, r1
 130 007c DA60     		str	r2, [r3, #12]
 131 007e 06E0     		b	.L9
 132              	.L8:
 187:Drivers/STM32F0xx_HAL_Driver/Src/stm32f0xx_hal_exti.c ****     }
 188:Drivers/STM32F0xx_HAL_Driver/Src/stm32f0xx_hal_exti.c ****     else
 189:Drivers/STM32F0xx_HAL_Driver/Src/stm32f0xx_hal_exti.c ****     {
 190:Drivers/STM32F0xx_HAL_Driver/Src/stm32f0xx_hal_exti.c ****       EXTI->FTSR &= ~maskline;
 133              		.loc 1 190 11
 134 0080 2F4B     		ldr	r3, .L14
 135 0082 DA68     		ldr	r2, [r3, #12]
 136              		.loc 1 190 21
 137 0084 3B69     		ldr	r3, [r7, #16]
 138 0086 D943     		mvns	r1, r3
 139              		.loc 1 190 11
 140 0088 2D4B     		ldr	r3, .L14
 141              		.loc 1 190 18
 142 008a 0A40     		ands	r2, r1
 143 008c DA60     		str	r2, [r3, #12]
 144              	.L9:
 191:Drivers/STM32F0xx_HAL_Driver/Src/stm32f0xx_hal_exti.c ****     }
 192:Drivers/STM32F0xx_HAL_Driver/Src/stm32f0xx_hal_exti.c **** 
 193:Drivers/STM32F0xx_HAL_Driver/Src/stm32f0xx_hal_exti.c **** 
 194:Drivers/STM32F0xx_HAL_Driver/Src/stm32f0xx_hal_exti.c ****     /* Configure gpio port selection in case of gpio exti line */
 195:Drivers/STM32F0xx_HAL_Driver/Src/stm32f0xx_hal_exti.c ****     if ((pExtiConfig->Line & EXTI_GPIO) == EXTI_GPIO)
 145              		.loc 1 195 21
 146 008e 3B68     		ldr	r3, [r7]
 147 0090 1A68     		ldr	r2, [r3]
 148              		.loc 1 195 28
ARM GAS  /tmp/cc09RwwO.s 			page 7


 149 0092 C023     		movs	r3, #192
 150 0094 DB04     		lsls	r3, r3, #19
 151 0096 1A40     		ands	r2, r3
 152              		.loc 1 195 8
 153 0098 C023     		movs	r3, #192
 154 009a DB04     		lsls	r3, r3, #19
 155 009c 9A42     		cmp	r2, r3
 156 009e 23D1     		bne	.L5
 196:Drivers/STM32F0xx_HAL_Driver/Src/stm32f0xx_hal_exti.c ****     {
 197:Drivers/STM32F0xx_HAL_Driver/Src/stm32f0xx_hal_exti.c ****       assert_param(IS_EXTI_GPIO_PORT(pExtiConfig->GPIOSel));
 198:Drivers/STM32F0xx_HAL_Driver/Src/stm32f0xx_hal_exti.c ****       assert_param(IS_EXTI_GPIO_PIN(linepos));
 199:Drivers/STM32F0xx_HAL_Driver/Src/stm32f0xx_hal_exti.c **** 
 200:Drivers/STM32F0xx_HAL_Driver/Src/stm32f0xx_hal_exti.c ****       regval = SYSCFG->EXTICR[linepos >> 2u];
 157              		.loc 1 200 22
 158 00a0 284A     		ldr	r2, .L14+4
 159              		.loc 1 200 39
 160 00a2 7B69     		ldr	r3, [r7, #20]
 161 00a4 9B08     		lsrs	r3, r3, #2
 162              		.loc 1 200 14
 163 00a6 0233     		adds	r3, r3, #2
 164 00a8 9B00     		lsls	r3, r3, #2
 165 00aa 9B58     		ldr	r3, [r3, r2]
 166 00ac FB60     		str	r3, [r7, #12]
 201:Drivers/STM32F0xx_HAL_Driver/Src/stm32f0xx_hal_exti.c ****       regval &= ~(SYSCFG_EXTICR1_EXTI0 << (SYSCFG_EXTICR1_EXTI1_Pos * (linepos & 0x03u)));
 167              		.loc 1 201 80
 168 00ae 7B69     		ldr	r3, [r7, #20]
 169 00b0 0322     		movs	r2, #3
 170 00b2 1340     		ands	r3, r2
 171              		.loc 1 201 69
 172 00b4 9B00     		lsls	r3, r3, #2
 173              		.loc 1 201 40
 174 00b6 0F22     		movs	r2, #15
 175 00b8 9A40     		lsls	r2, r2, r3
 176 00ba 1300     		movs	r3, r2
 177              		.loc 1 201 17
 178 00bc DA43     		mvns	r2, r3
 179              		.loc 1 201 14
 180 00be FB68     		ldr	r3, [r7, #12]
 181 00c0 1340     		ands	r3, r2
 182 00c2 FB60     		str	r3, [r7, #12]
 202:Drivers/STM32F0xx_HAL_Driver/Src/stm32f0xx_hal_exti.c ****       regval |= (pExtiConfig->GPIOSel << (SYSCFG_EXTICR1_EXTI1_Pos * (linepos & 0x03u)));
 183              		.loc 1 202 29
 184 00c4 3B68     		ldr	r3, [r7]
 185 00c6 DA68     		ldr	r2, [r3, #12]
 186              		.loc 1 202 79
 187 00c8 7B69     		ldr	r3, [r7, #20]
 188 00ca 0321     		movs	r1, #3
 189 00cc 0B40     		ands	r3, r1
 190              		.loc 1 202 68
 191 00ce 9B00     		lsls	r3, r3, #2
 192              		.loc 1 202 39
 193 00d0 9A40     		lsls	r2, r2, r3
 194 00d2 1300     		movs	r3, r2
 195              		.loc 1 202 14
 196 00d4 FA68     		ldr	r2, [r7, #12]
 197 00d6 1343     		orrs	r3, r2
 198 00d8 FB60     		str	r3, [r7, #12]
ARM GAS  /tmp/cc09RwwO.s 			page 8


 203:Drivers/STM32F0xx_HAL_Driver/Src/stm32f0xx_hal_exti.c ****       SYSCFG->EXTICR[linepos >> 2u] = regval;
 199              		.loc 1 203 13
 200 00da 1A49     		ldr	r1, .L14+4
 201              		.loc 1 203 30
 202 00dc 7B69     		ldr	r3, [r7, #20]
 203 00de 9B08     		lsrs	r3, r3, #2
 204              		.loc 1 203 37
 205 00e0 0233     		adds	r3, r3, #2
 206 00e2 9B00     		lsls	r3, r3, #2
 207 00e4 FA68     		ldr	r2, [r7, #12]
 208 00e6 5A50     		str	r2, [r3, r1]
 209              	.L5:
 204:Drivers/STM32F0xx_HAL_Driver/Src/stm32f0xx_hal_exti.c ****     }
 205:Drivers/STM32F0xx_HAL_Driver/Src/stm32f0xx_hal_exti.c ****   }
 206:Drivers/STM32F0xx_HAL_Driver/Src/stm32f0xx_hal_exti.c **** 
 207:Drivers/STM32F0xx_HAL_Driver/Src/stm32f0xx_hal_exti.c ****   /* Configure interrupt mode : read current mode */
 208:Drivers/STM32F0xx_HAL_Driver/Src/stm32f0xx_hal_exti.c ****   /* Mask or set line */
 209:Drivers/STM32F0xx_HAL_Driver/Src/stm32f0xx_hal_exti.c ****   if ((pExtiConfig->Mode & EXTI_MODE_INTERRUPT) != 0x00u)
 210              		.loc 1 209 19
 211 00e8 3B68     		ldr	r3, [r7]
 212 00ea 5B68     		ldr	r3, [r3, #4]
 213              		.loc 1 209 26
 214 00ec 0122     		movs	r2, #1
 215 00ee 1340     		ands	r3, r2
 216              		.loc 1 209 6
 217 00f0 06D0     		beq	.L10
 210:Drivers/STM32F0xx_HAL_Driver/Src/stm32f0xx_hal_exti.c ****   {
 211:Drivers/STM32F0xx_HAL_Driver/Src/stm32f0xx_hal_exti.c ****     EXTI->IMR |= maskline;
 218              		.loc 1 211 9
 219 00f2 134B     		ldr	r3, .L14
 220 00f4 1968     		ldr	r1, [r3]
 221 00f6 124B     		ldr	r3, .L14
 222              		.loc 1 211 15
 223 00f8 3A69     		ldr	r2, [r7, #16]
 224 00fa 0A43     		orrs	r2, r1
 225 00fc 1A60     		str	r2, [r3]
 226 00fe 06E0     		b	.L11
 227              	.L10:
 212:Drivers/STM32F0xx_HAL_Driver/Src/stm32f0xx_hal_exti.c ****   }
 213:Drivers/STM32F0xx_HAL_Driver/Src/stm32f0xx_hal_exti.c ****   else
 214:Drivers/STM32F0xx_HAL_Driver/Src/stm32f0xx_hal_exti.c ****   {
 215:Drivers/STM32F0xx_HAL_Driver/Src/stm32f0xx_hal_exti.c ****     EXTI->IMR &= ~maskline;
 228              		.loc 1 215 9
 229 0100 0F4B     		ldr	r3, .L14
 230 0102 1A68     		ldr	r2, [r3]
 231              		.loc 1 215 18
 232 0104 3B69     		ldr	r3, [r7, #16]
 233 0106 D943     		mvns	r1, r3
 234              		.loc 1 215 9
 235 0108 0D4B     		ldr	r3, .L14
 236              		.loc 1 215 15
 237 010a 0A40     		ands	r2, r1
 238 010c 1A60     		str	r2, [r3]
 239              	.L11:
 216:Drivers/STM32F0xx_HAL_Driver/Src/stm32f0xx_hal_exti.c ****   }
 217:Drivers/STM32F0xx_HAL_Driver/Src/stm32f0xx_hal_exti.c **** 
 218:Drivers/STM32F0xx_HAL_Driver/Src/stm32f0xx_hal_exti.c ****   /* Configure event mode : read current mode */
ARM GAS  /tmp/cc09RwwO.s 			page 9


 219:Drivers/STM32F0xx_HAL_Driver/Src/stm32f0xx_hal_exti.c ****   /* Mask or set line */
 220:Drivers/STM32F0xx_HAL_Driver/Src/stm32f0xx_hal_exti.c ****   if ((pExtiConfig->Mode & EXTI_MODE_EVENT) != 0x00u)
 240              		.loc 1 220 19
 241 010e 3B68     		ldr	r3, [r7]
 242 0110 5B68     		ldr	r3, [r3, #4]
 243              		.loc 1 220 26
 244 0112 0222     		movs	r2, #2
 245 0114 1340     		ands	r3, r2
 246              		.loc 1 220 6
 247 0116 06D0     		beq	.L12
 221:Drivers/STM32F0xx_HAL_Driver/Src/stm32f0xx_hal_exti.c ****   {
 222:Drivers/STM32F0xx_HAL_Driver/Src/stm32f0xx_hal_exti.c ****     EXTI->EMR |= maskline;
 248              		.loc 1 222 9
 249 0118 094B     		ldr	r3, .L14
 250 011a 5968     		ldr	r1, [r3, #4]
 251 011c 084B     		ldr	r3, .L14
 252              		.loc 1 222 15
 253 011e 3A69     		ldr	r2, [r7, #16]
 254 0120 0A43     		orrs	r2, r1
 255 0122 5A60     		str	r2, [r3, #4]
 256 0124 06E0     		b	.L13
 257              	.L12:
 223:Drivers/STM32F0xx_HAL_Driver/Src/stm32f0xx_hal_exti.c ****   }
 224:Drivers/STM32F0xx_HAL_Driver/Src/stm32f0xx_hal_exti.c ****   else
 225:Drivers/STM32F0xx_HAL_Driver/Src/stm32f0xx_hal_exti.c ****   {
 226:Drivers/STM32F0xx_HAL_Driver/Src/stm32f0xx_hal_exti.c ****     EXTI->EMR &= ~maskline;
 258              		.loc 1 226 9
 259 0126 064B     		ldr	r3, .L14
 260 0128 5A68     		ldr	r2, [r3, #4]
 261              		.loc 1 226 18
 262 012a 3B69     		ldr	r3, [r7, #16]
 263 012c D943     		mvns	r1, r3
 264              		.loc 1 226 9
 265 012e 044B     		ldr	r3, .L14
 266              		.loc 1 226 15
 267 0130 0A40     		ands	r2, r1
 268 0132 5A60     		str	r2, [r3, #4]
 269              	.L13:
 227:Drivers/STM32F0xx_HAL_Driver/Src/stm32f0xx_hal_exti.c ****   }
 228:Drivers/STM32F0xx_HAL_Driver/Src/stm32f0xx_hal_exti.c **** 
 229:Drivers/STM32F0xx_HAL_Driver/Src/stm32f0xx_hal_exti.c ****   return HAL_OK;
 270              		.loc 1 229 10
 271 0134 0023     		movs	r3, #0
 272              	.L4:
 230:Drivers/STM32F0xx_HAL_Driver/Src/stm32f0xx_hal_exti.c **** }
 273              		.loc 1 230 1
 274 0136 1800     		movs	r0, r3
 275 0138 BD46     		mov	sp, r7
 276 013a 06B0     		add	sp, sp, #24
 277              		@ sp needed
 278 013c 80BD     		pop	{r7, pc}
 279              	.L15:
 280 013e C046     		.align	2
 281              	.L14:
 282 0140 00040140 		.word	1073808384
 283 0144 00000140 		.word	1073807360
 284              		.cfi_endproc
ARM GAS  /tmp/cc09RwwO.s 			page 10


 285              	.LFE40:
 287              		.section	.text.HAL_EXTI_GetConfigLine,"ax",%progbits
 288              		.align	1
 289              		.global	HAL_EXTI_GetConfigLine
 290              		.syntax unified
 291              		.code	16
 292              		.thumb_func
 294              	HAL_EXTI_GetConfigLine:
 295              	.LFB41:
 231:Drivers/STM32F0xx_HAL_Driver/Src/stm32f0xx_hal_exti.c **** 
 232:Drivers/STM32F0xx_HAL_Driver/Src/stm32f0xx_hal_exti.c **** /**
 233:Drivers/STM32F0xx_HAL_Driver/Src/stm32f0xx_hal_exti.c ****   * @brief  Get configuration of a dedicated Exti line.
 234:Drivers/STM32F0xx_HAL_Driver/Src/stm32f0xx_hal_exti.c ****   * @param  hexti Exti handle.
 235:Drivers/STM32F0xx_HAL_Driver/Src/stm32f0xx_hal_exti.c ****   * @param  pExtiConfig Pointer on structure to store Exti configuration.
 236:Drivers/STM32F0xx_HAL_Driver/Src/stm32f0xx_hal_exti.c ****   * @retval HAL Status.
 237:Drivers/STM32F0xx_HAL_Driver/Src/stm32f0xx_hal_exti.c ****   */
 238:Drivers/STM32F0xx_HAL_Driver/Src/stm32f0xx_hal_exti.c **** HAL_StatusTypeDef HAL_EXTI_GetConfigLine(EXTI_HandleTypeDef *hexti, EXTI_ConfigTypeDef *pExtiConfig
 239:Drivers/STM32F0xx_HAL_Driver/Src/stm32f0xx_hal_exti.c **** {
 296              		.loc 1 239 1
 297              		.cfi_startproc
 298              		@ args = 0, pretend = 0, frame = 24
 299              		@ frame_needed = 1, uses_anonymous_args = 0
 300 0000 80B5     		push	{r7, lr}
 301              	.LCFI3:
 302              		.cfi_def_cfa_offset 8
 303              		.cfi_offset 7, -8
 304              		.cfi_offset 14, -4
 305 0002 86B0     		sub	sp, sp, #24
 306              	.LCFI4:
 307              		.cfi_def_cfa_offset 32
 308 0004 00AF     		add	r7, sp, #0
 309              	.LCFI5:
 310              		.cfi_def_cfa_register 7
 311 0006 7860     		str	r0, [r7, #4]
 312 0008 3960     		str	r1, [r7]
 240:Drivers/STM32F0xx_HAL_Driver/Src/stm32f0xx_hal_exti.c ****   uint32_t regval;
 241:Drivers/STM32F0xx_HAL_Driver/Src/stm32f0xx_hal_exti.c ****   uint32_t linepos;
 242:Drivers/STM32F0xx_HAL_Driver/Src/stm32f0xx_hal_exti.c ****   uint32_t maskline;
 243:Drivers/STM32F0xx_HAL_Driver/Src/stm32f0xx_hal_exti.c **** 
 244:Drivers/STM32F0xx_HAL_Driver/Src/stm32f0xx_hal_exti.c ****   /* Check null pointer */
 245:Drivers/STM32F0xx_HAL_Driver/Src/stm32f0xx_hal_exti.c ****   if ((hexti == NULL) || (pExtiConfig == NULL))
 313              		.loc 1 245 6
 314 000a 7B68     		ldr	r3, [r7, #4]
 315 000c 002B     		cmp	r3, #0
 316 000e 02D0     		beq	.L17
 317              		.loc 1 245 23 discriminator 1
 318 0010 3B68     		ldr	r3, [r7]
 319 0012 002B     		cmp	r3, #0
 320 0014 01D1     		bne	.L18
 321              	.L17:
 246:Drivers/STM32F0xx_HAL_Driver/Src/stm32f0xx_hal_exti.c ****   {
 247:Drivers/STM32F0xx_HAL_Driver/Src/stm32f0xx_hal_exti.c ****     return HAL_ERROR;
 322              		.loc 1 247 12
 323 0016 0123     		movs	r3, #1
 324 0018 68E0     		b	.L19
 325              	.L18:
 248:Drivers/STM32F0xx_HAL_Driver/Src/stm32f0xx_hal_exti.c ****   }
ARM GAS  /tmp/cc09RwwO.s 			page 11


 249:Drivers/STM32F0xx_HAL_Driver/Src/stm32f0xx_hal_exti.c **** 
 250:Drivers/STM32F0xx_HAL_Driver/Src/stm32f0xx_hal_exti.c ****   /* Check the parameter */
 251:Drivers/STM32F0xx_HAL_Driver/Src/stm32f0xx_hal_exti.c ****   assert_param(IS_EXTI_LINE(hexti->Line));
 252:Drivers/STM32F0xx_HAL_Driver/Src/stm32f0xx_hal_exti.c **** 
 253:Drivers/STM32F0xx_HAL_Driver/Src/stm32f0xx_hal_exti.c ****   /* Store handle line number to configuration structure */
 254:Drivers/STM32F0xx_HAL_Driver/Src/stm32f0xx_hal_exti.c ****   pExtiConfig->Line = hexti->Line;
 326              		.loc 1 254 28
 327 001a 7B68     		ldr	r3, [r7, #4]
 328 001c 1A68     		ldr	r2, [r3]
 329              		.loc 1 254 21
 330 001e 3B68     		ldr	r3, [r7]
 331 0020 1A60     		str	r2, [r3]
 255:Drivers/STM32F0xx_HAL_Driver/Src/stm32f0xx_hal_exti.c **** 
 256:Drivers/STM32F0xx_HAL_Driver/Src/stm32f0xx_hal_exti.c ****   /* Compute line mask */
 257:Drivers/STM32F0xx_HAL_Driver/Src/stm32f0xx_hal_exti.c ****   linepos = (pExtiConfig->Line & EXTI_PIN_MASK);
 332              		.loc 1 257 25
 333 0022 3B68     		ldr	r3, [r7]
 334 0024 1B68     		ldr	r3, [r3]
 335              		.loc 1 257 11
 336 0026 1F22     		movs	r2, #31
 337 0028 1340     		ands	r3, r2
 338 002a 7B61     		str	r3, [r7, #20]
 258:Drivers/STM32F0xx_HAL_Driver/Src/stm32f0xx_hal_exti.c ****   maskline = (1uL << linepos);
 339              		.loc 1 258 12
 340 002c 0122     		movs	r2, #1
 341 002e 7B69     		ldr	r3, [r7, #20]
 342 0030 9A40     		lsls	r2, r2, r3
 343 0032 1300     		movs	r3, r2
 344 0034 3B61     		str	r3, [r7, #16]
 259:Drivers/STM32F0xx_HAL_Driver/Src/stm32f0xx_hal_exti.c **** 
 260:Drivers/STM32F0xx_HAL_Driver/Src/stm32f0xx_hal_exti.c ****   /* 1] Get core mode : interrupt */
 261:Drivers/STM32F0xx_HAL_Driver/Src/stm32f0xx_hal_exti.c **** 
 262:Drivers/STM32F0xx_HAL_Driver/Src/stm32f0xx_hal_exti.c ****   /* Check if selected line is enable */
 263:Drivers/STM32F0xx_HAL_Driver/Src/stm32f0xx_hal_exti.c ****   if ((EXTI->IMR & maskline) != 0x00u)
 345              		.loc 1 263 12
 346 0036 2F4B     		ldr	r3, .L29
 347 0038 1B68     		ldr	r3, [r3]
 348              		.loc 1 263 18
 349 003a 3A69     		ldr	r2, [r7, #16]
 350 003c 1340     		ands	r3, r2
 351              		.loc 1 263 6
 352 003e 03D0     		beq	.L20
 264:Drivers/STM32F0xx_HAL_Driver/Src/stm32f0xx_hal_exti.c ****   {
 265:Drivers/STM32F0xx_HAL_Driver/Src/stm32f0xx_hal_exti.c ****     pExtiConfig->Mode = EXTI_MODE_INTERRUPT;
 353              		.loc 1 265 23
 354 0040 3B68     		ldr	r3, [r7]
 355 0042 0122     		movs	r2, #1
 356 0044 5A60     		str	r2, [r3, #4]
 357 0046 02E0     		b	.L21
 358              	.L20:
 266:Drivers/STM32F0xx_HAL_Driver/Src/stm32f0xx_hal_exti.c ****   }
 267:Drivers/STM32F0xx_HAL_Driver/Src/stm32f0xx_hal_exti.c ****   else
 268:Drivers/STM32F0xx_HAL_Driver/Src/stm32f0xx_hal_exti.c ****   {
 269:Drivers/STM32F0xx_HAL_Driver/Src/stm32f0xx_hal_exti.c ****     pExtiConfig->Mode = EXTI_MODE_NONE;
 359              		.loc 1 269 23
 360 0048 3B68     		ldr	r3, [r7]
 361 004a 0022     		movs	r2, #0
ARM GAS  /tmp/cc09RwwO.s 			page 12


 362 004c 5A60     		str	r2, [r3, #4]
 363              	.L21:
 270:Drivers/STM32F0xx_HAL_Driver/Src/stm32f0xx_hal_exti.c ****   }
 271:Drivers/STM32F0xx_HAL_Driver/Src/stm32f0xx_hal_exti.c **** 
 272:Drivers/STM32F0xx_HAL_Driver/Src/stm32f0xx_hal_exti.c ****   /* Get event mode */
 273:Drivers/STM32F0xx_HAL_Driver/Src/stm32f0xx_hal_exti.c ****   /* Check if selected line is enable */
 274:Drivers/STM32F0xx_HAL_Driver/Src/stm32f0xx_hal_exti.c ****   if ((EXTI->EMR & maskline) != 0x00u)
 364              		.loc 1 274 12
 365 004e 294B     		ldr	r3, .L29
 366 0050 5B68     		ldr	r3, [r3, #4]
 367              		.loc 1 274 18
 368 0052 3A69     		ldr	r2, [r7, #16]
 369 0054 1340     		ands	r3, r2
 370              		.loc 1 274 6
 371 0056 05D0     		beq	.L22
 275:Drivers/STM32F0xx_HAL_Driver/Src/stm32f0xx_hal_exti.c ****   {
 276:Drivers/STM32F0xx_HAL_Driver/Src/stm32f0xx_hal_exti.c ****     pExtiConfig->Mode |= EXTI_MODE_EVENT;
 372              		.loc 1 276 16
 373 0058 3B68     		ldr	r3, [r7]
 374 005a 5B68     		ldr	r3, [r3, #4]
 375              		.loc 1 276 23
 376 005c 0222     		movs	r2, #2
 377 005e 1A43     		orrs	r2, r3
 378 0060 3B68     		ldr	r3, [r7]
 379 0062 5A60     		str	r2, [r3, #4]
 380              	.L22:
 277:Drivers/STM32F0xx_HAL_Driver/Src/stm32f0xx_hal_exti.c ****   }
 278:Drivers/STM32F0xx_HAL_Driver/Src/stm32f0xx_hal_exti.c **** 
 279:Drivers/STM32F0xx_HAL_Driver/Src/stm32f0xx_hal_exti.c ****   /* 2] Get trigger for configurable lines : rising */
 280:Drivers/STM32F0xx_HAL_Driver/Src/stm32f0xx_hal_exti.c ****   if ((pExtiConfig->Line & EXTI_CONFIG) != 0x00u)
 381              		.loc 1 280 19
 382 0064 3B68     		ldr	r3, [r7]
 383 0066 1A68     		ldr	r2, [r3]
 384              		.loc 1 280 26
 385 0068 8023     		movs	r3, #128
 386 006a 9B04     		lsls	r3, r3, #18
 387 006c 1340     		ands	r3, r2
 388              		.loc 1 280 6
 389 006e 36D0     		beq	.L23
 281:Drivers/STM32F0xx_HAL_Driver/Src/stm32f0xx_hal_exti.c ****   {
 282:Drivers/STM32F0xx_HAL_Driver/Src/stm32f0xx_hal_exti.c ****     /* Check if configuration of selected line is enable */
 283:Drivers/STM32F0xx_HAL_Driver/Src/stm32f0xx_hal_exti.c ****     if ((EXTI->RTSR & maskline) != 0x00u)
 390              		.loc 1 283 14
 391 0070 204B     		ldr	r3, .L29
 392 0072 9B68     		ldr	r3, [r3, #8]
 393              		.loc 1 283 21
 394 0074 3A69     		ldr	r2, [r7, #16]
 395 0076 1340     		ands	r3, r2
 396              		.loc 1 283 8
 397 0078 03D0     		beq	.L24
 284:Drivers/STM32F0xx_HAL_Driver/Src/stm32f0xx_hal_exti.c ****     {
 285:Drivers/STM32F0xx_HAL_Driver/Src/stm32f0xx_hal_exti.c ****       pExtiConfig->Trigger = EXTI_TRIGGER_RISING;
 398              		.loc 1 285 28
 399 007a 3B68     		ldr	r3, [r7]
 400 007c 0122     		movs	r2, #1
 401 007e 9A60     		str	r2, [r3, #8]
 402 0080 02E0     		b	.L25
ARM GAS  /tmp/cc09RwwO.s 			page 13


 403              	.L24:
 286:Drivers/STM32F0xx_HAL_Driver/Src/stm32f0xx_hal_exti.c ****     }
 287:Drivers/STM32F0xx_HAL_Driver/Src/stm32f0xx_hal_exti.c ****     else
 288:Drivers/STM32F0xx_HAL_Driver/Src/stm32f0xx_hal_exti.c ****     {
 289:Drivers/STM32F0xx_HAL_Driver/Src/stm32f0xx_hal_exti.c ****       pExtiConfig->Trigger = EXTI_TRIGGER_NONE;
 404              		.loc 1 289 28
 405 0082 3B68     		ldr	r3, [r7]
 406 0084 0022     		movs	r2, #0
 407 0086 9A60     		str	r2, [r3, #8]
 408              	.L25:
 290:Drivers/STM32F0xx_HAL_Driver/Src/stm32f0xx_hal_exti.c ****     }
 291:Drivers/STM32F0xx_HAL_Driver/Src/stm32f0xx_hal_exti.c **** 
 292:Drivers/STM32F0xx_HAL_Driver/Src/stm32f0xx_hal_exti.c ****     /* Get falling configuration */
 293:Drivers/STM32F0xx_HAL_Driver/Src/stm32f0xx_hal_exti.c ****     /* Check if configuration of selected line is enable */
 294:Drivers/STM32F0xx_HAL_Driver/Src/stm32f0xx_hal_exti.c ****     if ((EXTI->FTSR & maskline) != 0x00u)
 409              		.loc 1 294 14
 410 0088 1A4B     		ldr	r3, .L29
 411 008a DB68     		ldr	r3, [r3, #12]
 412              		.loc 1 294 21
 413 008c 3A69     		ldr	r2, [r7, #16]
 414 008e 1340     		ands	r3, r2
 415              		.loc 1 294 8
 416 0090 05D0     		beq	.L26
 295:Drivers/STM32F0xx_HAL_Driver/Src/stm32f0xx_hal_exti.c ****     {
 296:Drivers/STM32F0xx_HAL_Driver/Src/stm32f0xx_hal_exti.c ****       pExtiConfig->Trigger |= EXTI_TRIGGER_FALLING;
 417              		.loc 1 296 18
 418 0092 3B68     		ldr	r3, [r7]
 419 0094 9B68     		ldr	r3, [r3, #8]
 420              		.loc 1 296 28
 421 0096 0222     		movs	r2, #2
 422 0098 1A43     		orrs	r2, r3
 423 009a 3B68     		ldr	r3, [r7]
 424 009c 9A60     		str	r2, [r3, #8]
 425              	.L26:
 297:Drivers/STM32F0xx_HAL_Driver/Src/stm32f0xx_hal_exti.c ****     }
 298:Drivers/STM32F0xx_HAL_Driver/Src/stm32f0xx_hal_exti.c **** 
 299:Drivers/STM32F0xx_HAL_Driver/Src/stm32f0xx_hal_exti.c ****     /* Get Gpio port selection for gpio lines */
 300:Drivers/STM32F0xx_HAL_Driver/Src/stm32f0xx_hal_exti.c ****     if ((pExtiConfig->Line & EXTI_GPIO) == EXTI_GPIO)
 426              		.loc 1 300 21
 427 009e 3B68     		ldr	r3, [r7]
 428 00a0 1A68     		ldr	r2, [r3]
 429              		.loc 1 300 28
 430 00a2 C023     		movs	r3, #192
 431 00a4 DB04     		lsls	r3, r3, #19
 432 00a6 1A40     		ands	r2, r3
 433              		.loc 1 300 8
 434 00a8 C023     		movs	r3, #192
 435 00aa DB04     		lsls	r3, r3, #19
 436 00ac 9A42     		cmp	r2, r3
 437 00ae 12D1     		bne	.L27
 301:Drivers/STM32F0xx_HAL_Driver/Src/stm32f0xx_hal_exti.c ****     {
 302:Drivers/STM32F0xx_HAL_Driver/Src/stm32f0xx_hal_exti.c ****       assert_param(IS_EXTI_GPIO_PIN(linepos));
 303:Drivers/STM32F0xx_HAL_Driver/Src/stm32f0xx_hal_exti.c **** 
 304:Drivers/STM32F0xx_HAL_Driver/Src/stm32f0xx_hal_exti.c ****       regval = SYSCFG->EXTICR[linepos >> 2u];
 438              		.loc 1 304 22
 439 00b0 114A     		ldr	r2, .L29+4
 440              		.loc 1 304 39
ARM GAS  /tmp/cc09RwwO.s 			page 14


 441 00b2 7B69     		ldr	r3, [r7, #20]
 442 00b4 9B08     		lsrs	r3, r3, #2
 443              		.loc 1 304 14
 444 00b6 0233     		adds	r3, r3, #2
 445 00b8 9B00     		lsls	r3, r3, #2
 446 00ba 9B58     		ldr	r3, [r3, r2]
 447 00bc FB60     		str	r3, [r7, #12]
 305:Drivers/STM32F0xx_HAL_Driver/Src/stm32f0xx_hal_exti.c ****       pExtiConfig->GPIOSel = ((regval << (SYSCFG_EXTICR1_EXTI1_Pos * (3uL - (linepos & 0x03u)))) >>
 448              		.loc 1 305 75
 449 00be 7B69     		ldr	r3, [r7, #20]
 450 00c0 DB43     		mvns	r3, r3
 451 00c2 0322     		movs	r2, #3
 452 00c4 1340     		ands	r3, r2
 453              		.loc 1 305 68
 454 00c6 9B00     		lsls	r3, r3, #2
 455              		.loc 1 305 39
 456 00c8 FA68     		ldr	r2, [r7, #12]
 457 00ca 9A40     		lsls	r2, r2, r3
 458 00cc 1300     		movs	r3, r2
 459              		.loc 1 305 98
 460 00ce 1A0E     		lsrs	r2, r3, #24
 461              		.loc 1 305 28
 462 00d0 3B68     		ldr	r3, [r7]
 463 00d2 DA60     		str	r2, [r3, #12]
 464 00d4 09E0     		b	.L28
 465              	.L27:
 306:Drivers/STM32F0xx_HAL_Driver/Src/stm32f0xx_hal_exti.c ****     }
 307:Drivers/STM32F0xx_HAL_Driver/Src/stm32f0xx_hal_exti.c ****     else
 308:Drivers/STM32F0xx_HAL_Driver/Src/stm32f0xx_hal_exti.c ****     {
 309:Drivers/STM32F0xx_HAL_Driver/Src/stm32f0xx_hal_exti.c ****       pExtiConfig->GPIOSel = 0x00u;
 466              		.loc 1 309 28
 467 00d6 3B68     		ldr	r3, [r7]
 468 00d8 0022     		movs	r2, #0
 469 00da DA60     		str	r2, [r3, #12]
 470 00dc 05E0     		b	.L28
 471              	.L23:
 310:Drivers/STM32F0xx_HAL_Driver/Src/stm32f0xx_hal_exti.c ****     }
 311:Drivers/STM32F0xx_HAL_Driver/Src/stm32f0xx_hal_exti.c ****   }
 312:Drivers/STM32F0xx_HAL_Driver/Src/stm32f0xx_hal_exti.c ****   else
 313:Drivers/STM32F0xx_HAL_Driver/Src/stm32f0xx_hal_exti.c ****   {
 314:Drivers/STM32F0xx_HAL_Driver/Src/stm32f0xx_hal_exti.c ****     /* No Trigger selected */
 315:Drivers/STM32F0xx_HAL_Driver/Src/stm32f0xx_hal_exti.c ****     pExtiConfig->Trigger = EXTI_TRIGGER_NONE;
 472              		.loc 1 315 26
 473 00de 3B68     		ldr	r3, [r7]
 474 00e0 0022     		movs	r2, #0
 475 00e2 9A60     		str	r2, [r3, #8]
 316:Drivers/STM32F0xx_HAL_Driver/Src/stm32f0xx_hal_exti.c ****     pExtiConfig->GPIOSel = 0x00u;
 476              		.loc 1 316 26
 477 00e4 3B68     		ldr	r3, [r7]
 478 00e6 0022     		movs	r2, #0
 479 00e8 DA60     		str	r2, [r3, #12]
 480              	.L28:
 317:Drivers/STM32F0xx_HAL_Driver/Src/stm32f0xx_hal_exti.c ****   }
 318:Drivers/STM32F0xx_HAL_Driver/Src/stm32f0xx_hal_exti.c **** 
 319:Drivers/STM32F0xx_HAL_Driver/Src/stm32f0xx_hal_exti.c ****   return HAL_OK;
 481              		.loc 1 319 10
 482 00ea 0023     		movs	r3, #0
ARM GAS  /tmp/cc09RwwO.s 			page 15


 483              	.L19:
 320:Drivers/STM32F0xx_HAL_Driver/Src/stm32f0xx_hal_exti.c **** }
 484              		.loc 1 320 1
 485 00ec 1800     		movs	r0, r3
 486 00ee BD46     		mov	sp, r7
 487 00f0 06B0     		add	sp, sp, #24
 488              		@ sp needed
 489 00f2 80BD     		pop	{r7, pc}
 490              	.L30:
 491              		.align	2
 492              	.L29:
 493 00f4 00040140 		.word	1073808384
 494 00f8 00000140 		.word	1073807360
 495              		.cfi_endproc
 496              	.LFE41:
 498              		.section	.text.HAL_EXTI_ClearConfigLine,"ax",%progbits
 499              		.align	1
 500              		.global	HAL_EXTI_ClearConfigLine
 501              		.syntax unified
 502              		.code	16
 503              		.thumb_func
 505              	HAL_EXTI_ClearConfigLine:
 506              	.LFB42:
 321:Drivers/STM32F0xx_HAL_Driver/Src/stm32f0xx_hal_exti.c **** 
 322:Drivers/STM32F0xx_HAL_Driver/Src/stm32f0xx_hal_exti.c **** /**
 323:Drivers/STM32F0xx_HAL_Driver/Src/stm32f0xx_hal_exti.c ****   * @brief  Clear whole configuration of a dedicated Exti line.
 324:Drivers/STM32F0xx_HAL_Driver/Src/stm32f0xx_hal_exti.c ****   * @param  hexti Exti handle.
 325:Drivers/STM32F0xx_HAL_Driver/Src/stm32f0xx_hal_exti.c ****   * @retval HAL Status.
 326:Drivers/STM32F0xx_HAL_Driver/Src/stm32f0xx_hal_exti.c ****   */
 327:Drivers/STM32F0xx_HAL_Driver/Src/stm32f0xx_hal_exti.c **** HAL_StatusTypeDef HAL_EXTI_ClearConfigLine(EXTI_HandleTypeDef *hexti)
 328:Drivers/STM32F0xx_HAL_Driver/Src/stm32f0xx_hal_exti.c **** {
 507              		.loc 1 328 1
 508              		.cfi_startproc
 509              		@ args = 0, pretend = 0, frame = 24
 510              		@ frame_needed = 1, uses_anonymous_args = 0
 511 0000 80B5     		push	{r7, lr}
 512              	.LCFI6:
 513              		.cfi_def_cfa_offset 8
 514              		.cfi_offset 7, -8
 515              		.cfi_offset 14, -4
 516 0002 86B0     		sub	sp, sp, #24
 517              	.LCFI7:
 518              		.cfi_def_cfa_offset 32
 519 0004 00AF     		add	r7, sp, #0
 520              	.LCFI8:
 521              		.cfi_def_cfa_register 7
 522 0006 7860     		str	r0, [r7, #4]
 329:Drivers/STM32F0xx_HAL_Driver/Src/stm32f0xx_hal_exti.c ****   uint32_t regval;
 330:Drivers/STM32F0xx_HAL_Driver/Src/stm32f0xx_hal_exti.c ****   uint32_t linepos;
 331:Drivers/STM32F0xx_HAL_Driver/Src/stm32f0xx_hal_exti.c ****   uint32_t maskline;
 332:Drivers/STM32F0xx_HAL_Driver/Src/stm32f0xx_hal_exti.c **** 
 333:Drivers/STM32F0xx_HAL_Driver/Src/stm32f0xx_hal_exti.c ****   /* Check null pointer */
 334:Drivers/STM32F0xx_HAL_Driver/Src/stm32f0xx_hal_exti.c ****   if (hexti == NULL)
 523              		.loc 1 334 6
 524 0008 7B68     		ldr	r3, [r7, #4]
 525 000a 002B     		cmp	r3, #0
 526 000c 01D1     		bne	.L32
ARM GAS  /tmp/cc09RwwO.s 			page 16


 335:Drivers/STM32F0xx_HAL_Driver/Src/stm32f0xx_hal_exti.c ****   {
 336:Drivers/STM32F0xx_HAL_Driver/Src/stm32f0xx_hal_exti.c ****     return HAL_ERROR;
 527              		.loc 1 336 12
 528 000e 0123     		movs	r3, #1
 529 0010 4EE0     		b	.L33
 530              	.L32:
 337:Drivers/STM32F0xx_HAL_Driver/Src/stm32f0xx_hal_exti.c ****   }
 338:Drivers/STM32F0xx_HAL_Driver/Src/stm32f0xx_hal_exti.c **** 
 339:Drivers/STM32F0xx_HAL_Driver/Src/stm32f0xx_hal_exti.c ****   /* Check the parameter */
 340:Drivers/STM32F0xx_HAL_Driver/Src/stm32f0xx_hal_exti.c ****   assert_param(IS_EXTI_LINE(hexti->Line));
 341:Drivers/STM32F0xx_HAL_Driver/Src/stm32f0xx_hal_exti.c **** 
 342:Drivers/STM32F0xx_HAL_Driver/Src/stm32f0xx_hal_exti.c ****   /* compute line mask */
 343:Drivers/STM32F0xx_HAL_Driver/Src/stm32f0xx_hal_exti.c ****   linepos = (hexti->Line & EXTI_PIN_MASK);
 531              		.loc 1 343 19
 532 0012 7B68     		ldr	r3, [r7, #4]
 533 0014 1B68     		ldr	r3, [r3]
 534              		.loc 1 343 11
 535 0016 1F22     		movs	r2, #31
 536 0018 1340     		ands	r3, r2
 537 001a 7B61     		str	r3, [r7, #20]
 344:Drivers/STM32F0xx_HAL_Driver/Src/stm32f0xx_hal_exti.c ****   maskline = (1uL << linepos);
 538              		.loc 1 344 12
 539 001c 0122     		movs	r2, #1
 540 001e 7B69     		ldr	r3, [r7, #20]
 541 0020 9A40     		lsls	r2, r2, r3
 542 0022 1300     		movs	r3, r2
 543 0024 3B61     		str	r3, [r7, #16]
 345:Drivers/STM32F0xx_HAL_Driver/Src/stm32f0xx_hal_exti.c **** 
 346:Drivers/STM32F0xx_HAL_Driver/Src/stm32f0xx_hal_exti.c ****   /* 1] Clear interrupt mode */
 347:Drivers/STM32F0xx_HAL_Driver/Src/stm32f0xx_hal_exti.c ****   EXTI->IMR = (EXTI->IMR & ~maskline);
 544              		.loc 1 347 20
 545 0026 244B     		ldr	r3, .L35
 546 0028 1A68     		ldr	r2, [r3]
 547              		.loc 1 347 28
 548 002a 3B69     		ldr	r3, [r7, #16]
 549 002c D943     		mvns	r1, r3
 550              		.loc 1 347 7
 551 002e 224B     		ldr	r3, .L35
 552              		.loc 1 347 26
 553 0030 0A40     		ands	r2, r1
 554              		.loc 1 347 13
 555 0032 1A60     		str	r2, [r3]
 348:Drivers/STM32F0xx_HAL_Driver/Src/stm32f0xx_hal_exti.c **** 
 349:Drivers/STM32F0xx_HAL_Driver/Src/stm32f0xx_hal_exti.c ****   /* 2] Clear event mode */
 350:Drivers/STM32F0xx_HAL_Driver/Src/stm32f0xx_hal_exti.c ****   EXTI->EMR = (EXTI->EMR & ~maskline);
 556              		.loc 1 350 20
 557 0034 204B     		ldr	r3, .L35
 558 0036 5A68     		ldr	r2, [r3, #4]
 559              		.loc 1 350 28
 560 0038 3B69     		ldr	r3, [r7, #16]
 561 003a D943     		mvns	r1, r3
 562              		.loc 1 350 7
 563 003c 1E4B     		ldr	r3, .L35
 564              		.loc 1 350 26
 565 003e 0A40     		ands	r2, r1
 566              		.loc 1 350 13
 567 0040 5A60     		str	r2, [r3, #4]
ARM GAS  /tmp/cc09RwwO.s 			page 17


 351:Drivers/STM32F0xx_HAL_Driver/Src/stm32f0xx_hal_exti.c **** 
 352:Drivers/STM32F0xx_HAL_Driver/Src/stm32f0xx_hal_exti.c ****   /* 3] Clear triggers in case of configurable lines */
 353:Drivers/STM32F0xx_HAL_Driver/Src/stm32f0xx_hal_exti.c ****   if ((hexti->Line & EXTI_CONFIG) != 0x00u)
 568              		.loc 1 353 13
 569 0042 7B68     		ldr	r3, [r7, #4]
 570 0044 1A68     		ldr	r2, [r3]
 571              		.loc 1 353 20
 572 0046 8023     		movs	r3, #128
 573 0048 9B04     		lsls	r3, r3, #18
 574 004a 1340     		ands	r3, r2
 575              		.loc 1 353 6
 576 004c 2FD0     		beq	.L34
 354:Drivers/STM32F0xx_HAL_Driver/Src/stm32f0xx_hal_exti.c ****   {
 355:Drivers/STM32F0xx_HAL_Driver/Src/stm32f0xx_hal_exti.c ****     EXTI->RTSR = (EXTI->RTSR & ~maskline);
 577              		.loc 1 355 23
 578 004e 1A4B     		ldr	r3, .L35
 579 0050 9A68     		ldr	r2, [r3, #8]
 580              		.loc 1 355 32
 581 0052 3B69     		ldr	r3, [r7, #16]
 582 0054 D943     		mvns	r1, r3
 583              		.loc 1 355 9
 584 0056 184B     		ldr	r3, .L35
 585              		.loc 1 355 30
 586 0058 0A40     		ands	r2, r1
 587              		.loc 1 355 16
 588 005a 9A60     		str	r2, [r3, #8]
 356:Drivers/STM32F0xx_HAL_Driver/Src/stm32f0xx_hal_exti.c ****     EXTI->FTSR = (EXTI->FTSR & ~maskline);
 589              		.loc 1 356 23
 590 005c 164B     		ldr	r3, .L35
 591 005e DA68     		ldr	r2, [r3, #12]
 592              		.loc 1 356 32
 593 0060 3B69     		ldr	r3, [r7, #16]
 594 0062 D943     		mvns	r1, r3
 595              		.loc 1 356 9
 596 0064 144B     		ldr	r3, .L35
 597              		.loc 1 356 30
 598 0066 0A40     		ands	r2, r1
 599              		.loc 1 356 16
 600 0068 DA60     		str	r2, [r3, #12]
 357:Drivers/STM32F0xx_HAL_Driver/Src/stm32f0xx_hal_exti.c **** 
 358:Drivers/STM32F0xx_HAL_Driver/Src/stm32f0xx_hal_exti.c ****     /* Get Gpio port selection for gpio lines */
 359:Drivers/STM32F0xx_HAL_Driver/Src/stm32f0xx_hal_exti.c ****     if ((hexti->Line & EXTI_GPIO) == EXTI_GPIO)
 601              		.loc 1 359 15
 602 006a 7B68     		ldr	r3, [r7, #4]
 603 006c 1A68     		ldr	r2, [r3]
 604              		.loc 1 359 22
 605 006e C023     		movs	r3, #192
 606 0070 DB04     		lsls	r3, r3, #19
 607 0072 1A40     		ands	r2, r3
 608              		.loc 1 359 8
 609 0074 C023     		movs	r3, #192
 610 0076 DB04     		lsls	r3, r3, #19
 611 0078 9A42     		cmp	r2, r3
 612 007a 18D1     		bne	.L34
 360:Drivers/STM32F0xx_HAL_Driver/Src/stm32f0xx_hal_exti.c ****     {
 361:Drivers/STM32F0xx_HAL_Driver/Src/stm32f0xx_hal_exti.c ****       assert_param(IS_EXTI_GPIO_PIN(linepos));
 362:Drivers/STM32F0xx_HAL_Driver/Src/stm32f0xx_hal_exti.c **** 
ARM GAS  /tmp/cc09RwwO.s 			page 18


 363:Drivers/STM32F0xx_HAL_Driver/Src/stm32f0xx_hal_exti.c ****       regval = SYSCFG->EXTICR[linepos >> 2u];
 613              		.loc 1 363 22
 614 007c 0F4A     		ldr	r2, .L35+4
 615              		.loc 1 363 39
 616 007e 7B69     		ldr	r3, [r7, #20]
 617 0080 9B08     		lsrs	r3, r3, #2
 618              		.loc 1 363 14
 619 0082 0233     		adds	r3, r3, #2
 620 0084 9B00     		lsls	r3, r3, #2
 621 0086 9B58     		ldr	r3, [r3, r2]
 622 0088 FB60     		str	r3, [r7, #12]
 364:Drivers/STM32F0xx_HAL_Driver/Src/stm32f0xx_hal_exti.c ****       regval &= ~(SYSCFG_EXTICR1_EXTI0 << (SYSCFG_EXTICR1_EXTI1_Pos * (linepos & 0x03u)));
 623              		.loc 1 364 80
 624 008a 7B69     		ldr	r3, [r7, #20]
 625 008c 0322     		movs	r2, #3
 626 008e 1340     		ands	r3, r2
 627              		.loc 1 364 69
 628 0090 9B00     		lsls	r3, r3, #2
 629              		.loc 1 364 40
 630 0092 0F22     		movs	r2, #15
 631 0094 9A40     		lsls	r2, r2, r3
 632 0096 1300     		movs	r3, r2
 633              		.loc 1 364 17
 634 0098 DA43     		mvns	r2, r3
 635              		.loc 1 364 14
 636 009a FB68     		ldr	r3, [r7, #12]
 637 009c 1340     		ands	r3, r2
 638 009e FB60     		str	r3, [r7, #12]
 365:Drivers/STM32F0xx_HAL_Driver/Src/stm32f0xx_hal_exti.c ****       SYSCFG->EXTICR[linepos >> 2u] = regval;
 639              		.loc 1 365 13
 640 00a0 0649     		ldr	r1, .L35+4
 641              		.loc 1 365 30
 642 00a2 7B69     		ldr	r3, [r7, #20]
 643 00a4 9B08     		lsrs	r3, r3, #2
 644              		.loc 1 365 37
 645 00a6 0233     		adds	r3, r3, #2
 646 00a8 9B00     		lsls	r3, r3, #2
 647 00aa FA68     		ldr	r2, [r7, #12]
 648 00ac 5A50     		str	r2, [r3, r1]
 649              	.L34:
 366:Drivers/STM32F0xx_HAL_Driver/Src/stm32f0xx_hal_exti.c ****     }
 367:Drivers/STM32F0xx_HAL_Driver/Src/stm32f0xx_hal_exti.c ****   }
 368:Drivers/STM32F0xx_HAL_Driver/Src/stm32f0xx_hal_exti.c **** 
 369:Drivers/STM32F0xx_HAL_Driver/Src/stm32f0xx_hal_exti.c ****   return HAL_OK;
 650              		.loc 1 369 10
 651 00ae 0023     		movs	r3, #0
 652              	.L33:
 370:Drivers/STM32F0xx_HAL_Driver/Src/stm32f0xx_hal_exti.c **** }
 653              		.loc 1 370 1
 654 00b0 1800     		movs	r0, r3
 655 00b2 BD46     		mov	sp, r7
 656 00b4 06B0     		add	sp, sp, #24
 657              		@ sp needed
 658 00b6 80BD     		pop	{r7, pc}
 659              	.L36:
 660              		.align	2
 661              	.L35:
ARM GAS  /tmp/cc09RwwO.s 			page 19


 662 00b8 00040140 		.word	1073808384
 663 00bc 00000140 		.word	1073807360
 664              		.cfi_endproc
 665              	.LFE42:
 667              		.section	.text.HAL_EXTI_RegisterCallback,"ax",%progbits
 668              		.align	1
 669              		.global	HAL_EXTI_RegisterCallback
 670              		.syntax unified
 671              		.code	16
 672              		.thumb_func
 674              	HAL_EXTI_RegisterCallback:
 675              	.LFB43:
 371:Drivers/STM32F0xx_HAL_Driver/Src/stm32f0xx_hal_exti.c **** 
 372:Drivers/STM32F0xx_HAL_Driver/Src/stm32f0xx_hal_exti.c **** /**
 373:Drivers/STM32F0xx_HAL_Driver/Src/stm32f0xx_hal_exti.c ****   * @brief  Register callback for a dedicated Exti line.
 374:Drivers/STM32F0xx_HAL_Driver/Src/stm32f0xx_hal_exti.c ****   * @param  hexti Exti handle.
 375:Drivers/STM32F0xx_HAL_Driver/Src/stm32f0xx_hal_exti.c ****   * @param  CallbackID User callback identifier.
 376:Drivers/STM32F0xx_HAL_Driver/Src/stm32f0xx_hal_exti.c ****   *         This parameter can be one of @arg @ref EXTI_CallbackIDTypeDef values.
 377:Drivers/STM32F0xx_HAL_Driver/Src/stm32f0xx_hal_exti.c ****   * @param  pPendingCbfn function pointer to be stored as callback.
 378:Drivers/STM32F0xx_HAL_Driver/Src/stm32f0xx_hal_exti.c ****   * @retval HAL Status.
 379:Drivers/STM32F0xx_HAL_Driver/Src/stm32f0xx_hal_exti.c ****   */
 380:Drivers/STM32F0xx_HAL_Driver/Src/stm32f0xx_hal_exti.c **** HAL_StatusTypeDef HAL_EXTI_RegisterCallback(EXTI_HandleTypeDef *hexti, EXTI_CallbackIDTypeDef Callb
 381:Drivers/STM32F0xx_HAL_Driver/Src/stm32f0xx_hal_exti.c **** {
 676              		.loc 1 381 1
 677              		.cfi_startproc
 678              		@ args = 0, pretend = 0, frame = 24
 679              		@ frame_needed = 1, uses_anonymous_args = 0
 680 0000 80B5     		push	{r7, lr}
 681              	.LCFI9:
 682              		.cfi_def_cfa_offset 8
 683              		.cfi_offset 7, -8
 684              		.cfi_offset 14, -4
 685 0002 86B0     		sub	sp, sp, #24
 686              	.LCFI10:
 687              		.cfi_def_cfa_offset 32
 688 0004 00AF     		add	r7, sp, #0
 689              	.LCFI11:
 690              		.cfi_def_cfa_register 7
 691 0006 F860     		str	r0, [r7, #12]
 692 0008 7A60     		str	r2, [r7, #4]
 693 000a 0B20     		movs	r0, #11
 694 000c 3B18     		adds	r3, r7, r0
 695 000e 0A1C     		adds	r2, r1, #0
 696 0010 1A70     		strb	r2, [r3]
 382:Drivers/STM32F0xx_HAL_Driver/Src/stm32f0xx_hal_exti.c ****   HAL_StatusTypeDef status = HAL_OK;
 697              		.loc 1 382 21
 698 0012 1723     		movs	r3, #23
 699 0014 FB18     		adds	r3, r7, r3
 700 0016 0022     		movs	r2, #0
 701 0018 1A70     		strb	r2, [r3]
 383:Drivers/STM32F0xx_HAL_Driver/Src/stm32f0xx_hal_exti.c **** 
 384:Drivers/STM32F0xx_HAL_Driver/Src/stm32f0xx_hal_exti.c ****   switch (CallbackID)
 702              		.loc 1 384 3
 703 001a 3B18     		adds	r3, r7, r0
 704 001c 1B78     		ldrb	r3, [r3]
 705 001e 002B     		cmp	r3, #0
 706 0020 03D1     		bne	.L38
ARM GAS  /tmp/cc09RwwO.s 			page 20


 385:Drivers/STM32F0xx_HAL_Driver/Src/stm32f0xx_hal_exti.c ****   {
 386:Drivers/STM32F0xx_HAL_Driver/Src/stm32f0xx_hal_exti.c ****     case  HAL_EXTI_COMMON_CB_ID:
 387:Drivers/STM32F0xx_HAL_Driver/Src/stm32f0xx_hal_exti.c ****       hexti->PendingCallback = pPendingCbfn;
 707              		.loc 1 387 30
 708 0022 FB68     		ldr	r3, [r7, #12]
 709 0024 7A68     		ldr	r2, [r7, #4]
 710 0026 5A60     		str	r2, [r3, #4]
 388:Drivers/STM32F0xx_HAL_Driver/Src/stm32f0xx_hal_exti.c ****       break;
 711              		.loc 1 388 7
 712 0028 04E0     		b	.L39
 713              	.L38:
 389:Drivers/STM32F0xx_HAL_Driver/Src/stm32f0xx_hal_exti.c **** 
 390:Drivers/STM32F0xx_HAL_Driver/Src/stm32f0xx_hal_exti.c ****     default:
 391:Drivers/STM32F0xx_HAL_Driver/Src/stm32f0xx_hal_exti.c ****       status = HAL_ERROR;
 714              		.loc 1 391 14
 715 002a 1723     		movs	r3, #23
 716 002c FB18     		adds	r3, r7, r3
 717 002e 0122     		movs	r2, #1
 718 0030 1A70     		strb	r2, [r3]
 392:Drivers/STM32F0xx_HAL_Driver/Src/stm32f0xx_hal_exti.c ****       break;
 719              		.loc 1 392 7
 720 0032 C046     		nop
 721              	.L39:
 393:Drivers/STM32F0xx_HAL_Driver/Src/stm32f0xx_hal_exti.c ****   }
 394:Drivers/STM32F0xx_HAL_Driver/Src/stm32f0xx_hal_exti.c **** 
 395:Drivers/STM32F0xx_HAL_Driver/Src/stm32f0xx_hal_exti.c ****   return status;
 722              		.loc 1 395 10
 723 0034 1723     		movs	r3, #23
 724 0036 FB18     		adds	r3, r7, r3
 725 0038 1B78     		ldrb	r3, [r3]
 396:Drivers/STM32F0xx_HAL_Driver/Src/stm32f0xx_hal_exti.c **** }
 726              		.loc 1 396 1
 727 003a 1800     		movs	r0, r3
 728 003c BD46     		mov	sp, r7
 729 003e 06B0     		add	sp, sp, #24
 730              		@ sp needed
 731 0040 80BD     		pop	{r7, pc}
 732              		.cfi_endproc
 733              	.LFE43:
 735              		.section	.text.HAL_EXTI_GetHandle,"ax",%progbits
 736              		.align	1
 737              		.global	HAL_EXTI_GetHandle
 738              		.syntax unified
 739              		.code	16
 740              		.thumb_func
 742              	HAL_EXTI_GetHandle:
 743              	.LFB44:
 397:Drivers/STM32F0xx_HAL_Driver/Src/stm32f0xx_hal_exti.c **** 
 398:Drivers/STM32F0xx_HAL_Driver/Src/stm32f0xx_hal_exti.c **** /**
 399:Drivers/STM32F0xx_HAL_Driver/Src/stm32f0xx_hal_exti.c ****   * @brief  Store line number as handle private field.
 400:Drivers/STM32F0xx_HAL_Driver/Src/stm32f0xx_hal_exti.c ****   * @param  hexti Exti handle.
 401:Drivers/STM32F0xx_HAL_Driver/Src/stm32f0xx_hal_exti.c ****   * @param  ExtiLine Exti line number.
 402:Drivers/STM32F0xx_HAL_Driver/Src/stm32f0xx_hal_exti.c ****   *         This parameter can be from 0 to @ref EXTI_LINE_NB.
 403:Drivers/STM32F0xx_HAL_Driver/Src/stm32f0xx_hal_exti.c ****   * @retval HAL Status.
 404:Drivers/STM32F0xx_HAL_Driver/Src/stm32f0xx_hal_exti.c ****   */
 405:Drivers/STM32F0xx_HAL_Driver/Src/stm32f0xx_hal_exti.c **** HAL_StatusTypeDef HAL_EXTI_GetHandle(EXTI_HandleTypeDef *hexti, uint32_t ExtiLine)
 406:Drivers/STM32F0xx_HAL_Driver/Src/stm32f0xx_hal_exti.c **** {
ARM GAS  /tmp/cc09RwwO.s 			page 21


 744              		.loc 1 406 1
 745              		.cfi_startproc
 746              		@ args = 0, pretend = 0, frame = 8
 747              		@ frame_needed = 1, uses_anonymous_args = 0
 748 0000 80B5     		push	{r7, lr}
 749              	.LCFI12:
 750              		.cfi_def_cfa_offset 8
 751              		.cfi_offset 7, -8
 752              		.cfi_offset 14, -4
 753 0002 82B0     		sub	sp, sp, #8
 754              	.LCFI13:
 755              		.cfi_def_cfa_offset 16
 756 0004 00AF     		add	r7, sp, #0
 757              	.LCFI14:
 758              		.cfi_def_cfa_register 7
 759 0006 7860     		str	r0, [r7, #4]
 760 0008 3960     		str	r1, [r7]
 407:Drivers/STM32F0xx_HAL_Driver/Src/stm32f0xx_hal_exti.c ****   /* Check the parameters */
 408:Drivers/STM32F0xx_HAL_Driver/Src/stm32f0xx_hal_exti.c ****   assert_param(IS_EXTI_LINE(ExtiLine));
 409:Drivers/STM32F0xx_HAL_Driver/Src/stm32f0xx_hal_exti.c **** 
 410:Drivers/STM32F0xx_HAL_Driver/Src/stm32f0xx_hal_exti.c ****   /* Check null pointer */
 411:Drivers/STM32F0xx_HAL_Driver/Src/stm32f0xx_hal_exti.c ****   if (hexti == NULL)
 761              		.loc 1 411 6
 762 000a 7B68     		ldr	r3, [r7, #4]
 763 000c 002B     		cmp	r3, #0
 764 000e 01D1     		bne	.L42
 412:Drivers/STM32F0xx_HAL_Driver/Src/stm32f0xx_hal_exti.c ****   {
 413:Drivers/STM32F0xx_HAL_Driver/Src/stm32f0xx_hal_exti.c ****     return HAL_ERROR;
 765              		.loc 1 413 12
 766 0010 0123     		movs	r3, #1
 767 0012 03E0     		b	.L43
 768              	.L42:
 414:Drivers/STM32F0xx_HAL_Driver/Src/stm32f0xx_hal_exti.c ****   }
 415:Drivers/STM32F0xx_HAL_Driver/Src/stm32f0xx_hal_exti.c ****   else
 416:Drivers/STM32F0xx_HAL_Driver/Src/stm32f0xx_hal_exti.c ****   {
 417:Drivers/STM32F0xx_HAL_Driver/Src/stm32f0xx_hal_exti.c ****     /* Store line number as handle private field */
 418:Drivers/STM32F0xx_HAL_Driver/Src/stm32f0xx_hal_exti.c ****     hexti->Line = ExtiLine;
 769              		.loc 1 418 17
 770 0014 7B68     		ldr	r3, [r7, #4]
 771 0016 3A68     		ldr	r2, [r7]
 772 0018 1A60     		str	r2, [r3]
 419:Drivers/STM32F0xx_HAL_Driver/Src/stm32f0xx_hal_exti.c **** 
 420:Drivers/STM32F0xx_HAL_Driver/Src/stm32f0xx_hal_exti.c ****     return HAL_OK;
 773              		.loc 1 420 12
 774 001a 0023     		movs	r3, #0
 775              	.L43:
 421:Drivers/STM32F0xx_HAL_Driver/Src/stm32f0xx_hal_exti.c ****   }
 422:Drivers/STM32F0xx_HAL_Driver/Src/stm32f0xx_hal_exti.c **** }
 776              		.loc 1 422 1
 777 001c 1800     		movs	r0, r3
 778 001e BD46     		mov	sp, r7
 779 0020 02B0     		add	sp, sp, #8
 780              		@ sp needed
 781 0022 80BD     		pop	{r7, pc}
 782              		.cfi_endproc
 783              	.LFE44:
 785              		.section	.text.HAL_EXTI_IRQHandler,"ax",%progbits
ARM GAS  /tmp/cc09RwwO.s 			page 22


 786              		.align	1
 787              		.global	HAL_EXTI_IRQHandler
 788              		.syntax unified
 789              		.code	16
 790              		.thumb_func
 792              	HAL_EXTI_IRQHandler:
 793              	.LFB45:
 423:Drivers/STM32F0xx_HAL_Driver/Src/stm32f0xx_hal_exti.c **** 
 424:Drivers/STM32F0xx_HAL_Driver/Src/stm32f0xx_hal_exti.c **** /**
 425:Drivers/STM32F0xx_HAL_Driver/Src/stm32f0xx_hal_exti.c ****   * @}
 426:Drivers/STM32F0xx_HAL_Driver/Src/stm32f0xx_hal_exti.c ****   */
 427:Drivers/STM32F0xx_HAL_Driver/Src/stm32f0xx_hal_exti.c **** 
 428:Drivers/STM32F0xx_HAL_Driver/Src/stm32f0xx_hal_exti.c **** /** @addtogroup EXTI_Exported_Functions_Group2
 429:Drivers/STM32F0xx_HAL_Driver/Src/stm32f0xx_hal_exti.c ****   *  @brief EXTI IO functions.
 430:Drivers/STM32F0xx_HAL_Driver/Src/stm32f0xx_hal_exti.c ****   *
 431:Drivers/STM32F0xx_HAL_Driver/Src/stm32f0xx_hal_exti.c **** @verbatim
 432:Drivers/STM32F0xx_HAL_Driver/Src/stm32f0xx_hal_exti.c ****  ===============================================================================
 433:Drivers/STM32F0xx_HAL_Driver/Src/stm32f0xx_hal_exti.c ****                        ##### IO operation functions #####
 434:Drivers/STM32F0xx_HAL_Driver/Src/stm32f0xx_hal_exti.c ****  ===============================================================================
 435:Drivers/STM32F0xx_HAL_Driver/Src/stm32f0xx_hal_exti.c **** 
 436:Drivers/STM32F0xx_HAL_Driver/Src/stm32f0xx_hal_exti.c **** @endverbatim
 437:Drivers/STM32F0xx_HAL_Driver/Src/stm32f0xx_hal_exti.c ****   * @{
 438:Drivers/STM32F0xx_HAL_Driver/Src/stm32f0xx_hal_exti.c ****   */
 439:Drivers/STM32F0xx_HAL_Driver/Src/stm32f0xx_hal_exti.c **** 
 440:Drivers/STM32F0xx_HAL_Driver/Src/stm32f0xx_hal_exti.c **** /**
 441:Drivers/STM32F0xx_HAL_Driver/Src/stm32f0xx_hal_exti.c ****   * @brief  Handle EXTI interrupt request.
 442:Drivers/STM32F0xx_HAL_Driver/Src/stm32f0xx_hal_exti.c ****   * @param  hexti Exti handle.
 443:Drivers/STM32F0xx_HAL_Driver/Src/stm32f0xx_hal_exti.c ****   * @retval none.
 444:Drivers/STM32F0xx_HAL_Driver/Src/stm32f0xx_hal_exti.c ****   */
 445:Drivers/STM32F0xx_HAL_Driver/Src/stm32f0xx_hal_exti.c **** void HAL_EXTI_IRQHandler(EXTI_HandleTypeDef *hexti)
 446:Drivers/STM32F0xx_HAL_Driver/Src/stm32f0xx_hal_exti.c **** {
 794              		.loc 1 446 1
 795              		.cfi_startproc
 796              		@ args = 0, pretend = 0, frame = 16
 797              		@ frame_needed = 1, uses_anonymous_args = 0
 798 0000 80B5     		push	{r7, lr}
 799              	.LCFI15:
 800              		.cfi_def_cfa_offset 8
 801              		.cfi_offset 7, -8
 802              		.cfi_offset 14, -4
 803 0002 84B0     		sub	sp, sp, #16
 804              	.LCFI16:
 805              		.cfi_def_cfa_offset 24
 806 0004 00AF     		add	r7, sp, #0
 807              	.LCFI17:
 808              		.cfi_def_cfa_register 7
 809 0006 7860     		str	r0, [r7, #4]
 447:Drivers/STM32F0xx_HAL_Driver/Src/stm32f0xx_hal_exti.c ****   uint32_t regval;
 448:Drivers/STM32F0xx_HAL_Driver/Src/stm32f0xx_hal_exti.c ****   uint32_t maskline;
 449:Drivers/STM32F0xx_HAL_Driver/Src/stm32f0xx_hal_exti.c **** 
 450:Drivers/STM32F0xx_HAL_Driver/Src/stm32f0xx_hal_exti.c ****   /* Compute line mask */
 451:Drivers/STM32F0xx_HAL_Driver/Src/stm32f0xx_hal_exti.c ****   maskline = (1uL << (hexti->Line & EXTI_PIN_MASK));
 810              		.loc 1 451 28
 811 0008 7B68     		ldr	r3, [r7, #4]
 812 000a 1B68     		ldr	r3, [r3]
 813              		.loc 1 451 35
 814 000c 1F22     		movs	r2, #31
ARM GAS  /tmp/cc09RwwO.s 			page 23


 815 000e 1340     		ands	r3, r2
 816              		.loc 1 451 12
 817 0010 0122     		movs	r2, #1
 818 0012 9A40     		lsls	r2, r2, r3
 819 0014 1300     		movs	r3, r2
 820 0016 FB60     		str	r3, [r7, #12]
 452:Drivers/STM32F0xx_HAL_Driver/Src/stm32f0xx_hal_exti.c **** 
 453:Drivers/STM32F0xx_HAL_Driver/Src/stm32f0xx_hal_exti.c ****   /* Get pending bit  */
 454:Drivers/STM32F0xx_HAL_Driver/Src/stm32f0xx_hal_exti.c ****   regval = (EXTI->PR & maskline);
 821              		.loc 1 454 17
 822 0018 0A4B     		ldr	r3, .L47
 823 001a 5A69     		ldr	r2, [r3, #20]
 824              		.loc 1 454 10
 825 001c FB68     		ldr	r3, [r7, #12]
 826 001e 1340     		ands	r3, r2
 827 0020 BB60     		str	r3, [r7, #8]
 455:Drivers/STM32F0xx_HAL_Driver/Src/stm32f0xx_hal_exti.c ****   if (regval != 0x00u)
 828              		.loc 1 455 6
 829 0022 BB68     		ldr	r3, [r7, #8]
 830 0024 002B     		cmp	r3, #0
 831 0026 09D0     		beq	.L46
 456:Drivers/STM32F0xx_HAL_Driver/Src/stm32f0xx_hal_exti.c ****   {
 457:Drivers/STM32F0xx_HAL_Driver/Src/stm32f0xx_hal_exti.c ****     /* Clear pending bit */
 458:Drivers/STM32F0xx_HAL_Driver/Src/stm32f0xx_hal_exti.c ****     EXTI->PR = maskline;
 832              		.loc 1 458 9
 833 0028 064B     		ldr	r3, .L47
 834              		.loc 1 458 14
 835 002a FA68     		ldr	r2, [r7, #12]
 836 002c 5A61     		str	r2, [r3, #20]
 459:Drivers/STM32F0xx_HAL_Driver/Src/stm32f0xx_hal_exti.c **** 
 460:Drivers/STM32F0xx_HAL_Driver/Src/stm32f0xx_hal_exti.c ****     /* Call callback */
 461:Drivers/STM32F0xx_HAL_Driver/Src/stm32f0xx_hal_exti.c ****     if (hexti->PendingCallback != NULL)
 837              		.loc 1 461 14
 838 002e 7B68     		ldr	r3, [r7, #4]
 839 0030 5B68     		ldr	r3, [r3, #4]
 840              		.loc 1 461 8
 841 0032 002B     		cmp	r3, #0
 842 0034 02D0     		beq	.L46
 462:Drivers/STM32F0xx_HAL_Driver/Src/stm32f0xx_hal_exti.c ****     {
 463:Drivers/STM32F0xx_HAL_Driver/Src/stm32f0xx_hal_exti.c ****       hexti->PendingCallback();
 843              		.loc 1 463 12
 844 0036 7B68     		ldr	r3, [r7, #4]
 845 0038 5B68     		ldr	r3, [r3, #4]
 846              		.loc 1 463 7
 847 003a 9847     		blx	r3
 848              	.LVL0:
 849              	.L46:
 464:Drivers/STM32F0xx_HAL_Driver/Src/stm32f0xx_hal_exti.c ****     }
 465:Drivers/STM32F0xx_HAL_Driver/Src/stm32f0xx_hal_exti.c ****   }
 466:Drivers/STM32F0xx_HAL_Driver/Src/stm32f0xx_hal_exti.c **** }
 850              		.loc 1 466 1
 851 003c C046     		nop
 852 003e BD46     		mov	sp, r7
 853 0040 04B0     		add	sp, sp, #16
 854              		@ sp needed
 855 0042 80BD     		pop	{r7, pc}
 856              	.L48:
ARM GAS  /tmp/cc09RwwO.s 			page 24


 857              		.align	2
 858              	.L47:
 859 0044 00040140 		.word	1073808384
 860              		.cfi_endproc
 861              	.LFE45:
 863              		.section	.text.HAL_EXTI_GetPending,"ax",%progbits
 864              		.align	1
 865              		.global	HAL_EXTI_GetPending
 866              		.syntax unified
 867              		.code	16
 868              		.thumb_func
 870              	HAL_EXTI_GetPending:
 871              	.LFB46:
 467:Drivers/STM32F0xx_HAL_Driver/Src/stm32f0xx_hal_exti.c **** 
 468:Drivers/STM32F0xx_HAL_Driver/Src/stm32f0xx_hal_exti.c **** /**
 469:Drivers/STM32F0xx_HAL_Driver/Src/stm32f0xx_hal_exti.c ****   * @brief  Get interrupt pending bit of a dedicated line.
 470:Drivers/STM32F0xx_HAL_Driver/Src/stm32f0xx_hal_exti.c ****   * @param  hexti Exti handle.
 471:Drivers/STM32F0xx_HAL_Driver/Src/stm32f0xx_hal_exti.c ****   * @param  Edge Specify which pending edge as to be checked.
 472:Drivers/STM32F0xx_HAL_Driver/Src/stm32f0xx_hal_exti.c ****   *         This parameter can be one of the following values:
 473:Drivers/STM32F0xx_HAL_Driver/Src/stm32f0xx_hal_exti.c ****   *           @arg @ref EXTI_TRIGGER_RISING_FALLING
 474:Drivers/STM32F0xx_HAL_Driver/Src/stm32f0xx_hal_exti.c ****   *         This parameter is kept for compatibility with other series.
 475:Drivers/STM32F0xx_HAL_Driver/Src/stm32f0xx_hal_exti.c ****   * @retval 1 if interrupt is pending else 0.
 476:Drivers/STM32F0xx_HAL_Driver/Src/stm32f0xx_hal_exti.c ****   */
 477:Drivers/STM32F0xx_HAL_Driver/Src/stm32f0xx_hal_exti.c **** uint32_t HAL_EXTI_GetPending(EXTI_HandleTypeDef *hexti, uint32_t Edge)
 478:Drivers/STM32F0xx_HAL_Driver/Src/stm32f0xx_hal_exti.c **** {
 872              		.loc 1 478 1
 873              		.cfi_startproc
 874              		@ args = 0, pretend = 0, frame = 24
 875              		@ frame_needed = 1, uses_anonymous_args = 0
 876 0000 80B5     		push	{r7, lr}
 877              	.LCFI18:
 878              		.cfi_def_cfa_offset 8
 879              		.cfi_offset 7, -8
 880              		.cfi_offset 14, -4
 881 0002 86B0     		sub	sp, sp, #24
 882              	.LCFI19:
 883              		.cfi_def_cfa_offset 32
 884 0004 00AF     		add	r7, sp, #0
 885              	.LCFI20:
 886              		.cfi_def_cfa_register 7
 887 0006 7860     		str	r0, [r7, #4]
 888 0008 3960     		str	r1, [r7]
 479:Drivers/STM32F0xx_HAL_Driver/Src/stm32f0xx_hal_exti.c ****   uint32_t regval;
 480:Drivers/STM32F0xx_HAL_Driver/Src/stm32f0xx_hal_exti.c ****   uint32_t linepos;
 481:Drivers/STM32F0xx_HAL_Driver/Src/stm32f0xx_hal_exti.c ****   uint32_t maskline;
 482:Drivers/STM32F0xx_HAL_Driver/Src/stm32f0xx_hal_exti.c **** 
 483:Drivers/STM32F0xx_HAL_Driver/Src/stm32f0xx_hal_exti.c ****   /* Check parameters */
 484:Drivers/STM32F0xx_HAL_Driver/Src/stm32f0xx_hal_exti.c ****   assert_param(IS_EXTI_LINE(hexti->Line));
 485:Drivers/STM32F0xx_HAL_Driver/Src/stm32f0xx_hal_exti.c ****   assert_param(IS_EXTI_CONFIG_LINE(hexti->Line));
 486:Drivers/STM32F0xx_HAL_Driver/Src/stm32f0xx_hal_exti.c ****   assert_param(IS_EXTI_PENDING_EDGE(Edge));
 487:Drivers/STM32F0xx_HAL_Driver/Src/stm32f0xx_hal_exti.c **** 
 488:Drivers/STM32F0xx_HAL_Driver/Src/stm32f0xx_hal_exti.c ****   /* Compute line mask */
 489:Drivers/STM32F0xx_HAL_Driver/Src/stm32f0xx_hal_exti.c ****   linepos = (hexti->Line & EXTI_PIN_MASK);
 889              		.loc 1 489 19
 890 000a 7B68     		ldr	r3, [r7, #4]
 891 000c 1B68     		ldr	r3, [r3]
 892              		.loc 1 489 11
ARM GAS  /tmp/cc09RwwO.s 			page 25


 893 000e 1F22     		movs	r2, #31
 894 0010 1340     		ands	r3, r2
 895 0012 7B61     		str	r3, [r7, #20]
 490:Drivers/STM32F0xx_HAL_Driver/Src/stm32f0xx_hal_exti.c ****   maskline = (1uL << linepos);
 896              		.loc 1 490 12
 897 0014 0122     		movs	r2, #1
 898 0016 7B69     		ldr	r3, [r7, #20]
 899 0018 9A40     		lsls	r2, r2, r3
 900 001a 1300     		movs	r3, r2
 901 001c 3B61     		str	r3, [r7, #16]
 491:Drivers/STM32F0xx_HAL_Driver/Src/stm32f0xx_hal_exti.c **** 
 492:Drivers/STM32F0xx_HAL_Driver/Src/stm32f0xx_hal_exti.c ****   /* return 1 if bit is set else 0 */
 493:Drivers/STM32F0xx_HAL_Driver/Src/stm32f0xx_hal_exti.c ****   regval = ((EXTI->PR & maskline) >> linepos);
 902              		.loc 1 493 18
 903 001e 064B     		ldr	r3, .L51
 904 0020 5B69     		ldr	r3, [r3, #20]
 905              		.loc 1 493 23
 906 0022 3A69     		ldr	r2, [r7, #16]
 907 0024 1A40     		ands	r2, r3
 908              		.loc 1 493 10
 909 0026 7B69     		ldr	r3, [r7, #20]
 910 0028 DA40     		lsrs	r2, r2, r3
 911 002a 1300     		movs	r3, r2
 912 002c FB60     		str	r3, [r7, #12]
 494:Drivers/STM32F0xx_HAL_Driver/Src/stm32f0xx_hal_exti.c ****   return regval;
 913              		.loc 1 494 10
 914 002e FB68     		ldr	r3, [r7, #12]
 495:Drivers/STM32F0xx_HAL_Driver/Src/stm32f0xx_hal_exti.c **** }
 915              		.loc 1 495 1
 916 0030 1800     		movs	r0, r3
 917 0032 BD46     		mov	sp, r7
 918 0034 06B0     		add	sp, sp, #24
 919              		@ sp needed
 920 0036 80BD     		pop	{r7, pc}
 921              	.L52:
 922              		.align	2
 923              	.L51:
 924 0038 00040140 		.word	1073808384
 925              		.cfi_endproc
 926              	.LFE46:
 928              		.section	.text.HAL_EXTI_ClearPending,"ax",%progbits
 929              		.align	1
 930              		.global	HAL_EXTI_ClearPending
 931              		.syntax unified
 932              		.code	16
 933              		.thumb_func
 935              	HAL_EXTI_ClearPending:
 936              	.LFB47:
 496:Drivers/STM32F0xx_HAL_Driver/Src/stm32f0xx_hal_exti.c **** 
 497:Drivers/STM32F0xx_HAL_Driver/Src/stm32f0xx_hal_exti.c **** /**
 498:Drivers/STM32F0xx_HAL_Driver/Src/stm32f0xx_hal_exti.c ****   * @brief  Clear interrupt pending bit of a dedicated line.
 499:Drivers/STM32F0xx_HAL_Driver/Src/stm32f0xx_hal_exti.c ****   * @param  hexti Exti handle.
 500:Drivers/STM32F0xx_HAL_Driver/Src/stm32f0xx_hal_exti.c ****   * @param  Edge Specify which pending edge as to be clear.
 501:Drivers/STM32F0xx_HAL_Driver/Src/stm32f0xx_hal_exti.c ****   *         This parameter can be one of the following values:
 502:Drivers/STM32F0xx_HAL_Driver/Src/stm32f0xx_hal_exti.c ****   *           @arg @ref EXTI_TRIGGER_RISING_FALLING
 503:Drivers/STM32F0xx_HAL_Driver/Src/stm32f0xx_hal_exti.c ****   *         This parameter is kept for compatibility with other series.
 504:Drivers/STM32F0xx_HAL_Driver/Src/stm32f0xx_hal_exti.c ****   * @retval None.
ARM GAS  /tmp/cc09RwwO.s 			page 26


 505:Drivers/STM32F0xx_HAL_Driver/Src/stm32f0xx_hal_exti.c ****   */
 506:Drivers/STM32F0xx_HAL_Driver/Src/stm32f0xx_hal_exti.c **** void HAL_EXTI_ClearPending(EXTI_HandleTypeDef *hexti, uint32_t Edge)
 507:Drivers/STM32F0xx_HAL_Driver/Src/stm32f0xx_hal_exti.c **** {
 937              		.loc 1 507 1
 938              		.cfi_startproc
 939              		@ args = 0, pretend = 0, frame = 16
 940              		@ frame_needed = 1, uses_anonymous_args = 0
 941 0000 80B5     		push	{r7, lr}
 942              	.LCFI21:
 943              		.cfi_def_cfa_offset 8
 944              		.cfi_offset 7, -8
 945              		.cfi_offset 14, -4
 946 0002 84B0     		sub	sp, sp, #16
 947              	.LCFI22:
 948              		.cfi_def_cfa_offset 24
 949 0004 00AF     		add	r7, sp, #0
 950              	.LCFI23:
 951              		.cfi_def_cfa_register 7
 952 0006 7860     		str	r0, [r7, #4]
 953 0008 3960     		str	r1, [r7]
 508:Drivers/STM32F0xx_HAL_Driver/Src/stm32f0xx_hal_exti.c ****   uint32_t maskline;
 509:Drivers/STM32F0xx_HAL_Driver/Src/stm32f0xx_hal_exti.c **** 
 510:Drivers/STM32F0xx_HAL_Driver/Src/stm32f0xx_hal_exti.c ****   /* Check parameters */
 511:Drivers/STM32F0xx_HAL_Driver/Src/stm32f0xx_hal_exti.c ****   assert_param(IS_EXTI_LINE(hexti->Line));
 512:Drivers/STM32F0xx_HAL_Driver/Src/stm32f0xx_hal_exti.c ****   assert_param(IS_EXTI_CONFIG_LINE(hexti->Line));
 513:Drivers/STM32F0xx_HAL_Driver/Src/stm32f0xx_hal_exti.c ****   assert_param(IS_EXTI_PENDING_EDGE(Edge));
 514:Drivers/STM32F0xx_HAL_Driver/Src/stm32f0xx_hal_exti.c **** 
 515:Drivers/STM32F0xx_HAL_Driver/Src/stm32f0xx_hal_exti.c ****   /* Compute line mask */
 516:Drivers/STM32F0xx_HAL_Driver/Src/stm32f0xx_hal_exti.c ****   maskline = (1uL << (hexti->Line & EXTI_PIN_MASK));
 954              		.loc 1 516 28
 955 000a 7B68     		ldr	r3, [r7, #4]
 956 000c 1B68     		ldr	r3, [r3]
 957              		.loc 1 516 35
 958 000e 1F22     		movs	r2, #31
 959 0010 1340     		ands	r3, r2
 960              		.loc 1 516 12
 961 0012 0122     		movs	r2, #1
 962 0014 9A40     		lsls	r2, r2, r3
 963 0016 1300     		movs	r3, r2
 964 0018 FB60     		str	r3, [r7, #12]
 517:Drivers/STM32F0xx_HAL_Driver/Src/stm32f0xx_hal_exti.c **** 
 518:Drivers/STM32F0xx_HAL_Driver/Src/stm32f0xx_hal_exti.c ****   /* Clear Pending bit */
 519:Drivers/STM32F0xx_HAL_Driver/Src/stm32f0xx_hal_exti.c ****   EXTI->PR =  maskline;
 965              		.loc 1 519 7
 966 001a 034B     		ldr	r3, .L54
 967              		.loc 1 519 12
 968 001c FA68     		ldr	r2, [r7, #12]
 969 001e 5A61     		str	r2, [r3, #20]
 520:Drivers/STM32F0xx_HAL_Driver/Src/stm32f0xx_hal_exti.c **** }
 970              		.loc 1 520 1
 971 0020 C046     		nop
 972 0022 BD46     		mov	sp, r7
 973 0024 04B0     		add	sp, sp, #16
 974              		@ sp needed
 975 0026 80BD     		pop	{r7, pc}
 976              	.L55:
 977              		.align	2
ARM GAS  /tmp/cc09RwwO.s 			page 27


 978              	.L54:
 979 0028 00040140 		.word	1073808384
 980              		.cfi_endproc
 981              	.LFE47:
 983              		.section	.text.HAL_EXTI_GenerateSWI,"ax",%progbits
 984              		.align	1
 985              		.global	HAL_EXTI_GenerateSWI
 986              		.syntax unified
 987              		.code	16
 988              		.thumb_func
 990              	HAL_EXTI_GenerateSWI:
 991              	.LFB48:
 521:Drivers/STM32F0xx_HAL_Driver/Src/stm32f0xx_hal_exti.c **** 
 522:Drivers/STM32F0xx_HAL_Driver/Src/stm32f0xx_hal_exti.c **** /**
 523:Drivers/STM32F0xx_HAL_Driver/Src/stm32f0xx_hal_exti.c ****   * @brief  Generate a software interrupt for a dedicated line.
 524:Drivers/STM32F0xx_HAL_Driver/Src/stm32f0xx_hal_exti.c ****   * @param  hexti Exti handle.
 525:Drivers/STM32F0xx_HAL_Driver/Src/stm32f0xx_hal_exti.c ****   * @retval None.
 526:Drivers/STM32F0xx_HAL_Driver/Src/stm32f0xx_hal_exti.c ****   */
 527:Drivers/STM32F0xx_HAL_Driver/Src/stm32f0xx_hal_exti.c **** void HAL_EXTI_GenerateSWI(EXTI_HandleTypeDef *hexti)
 528:Drivers/STM32F0xx_HAL_Driver/Src/stm32f0xx_hal_exti.c **** {
 992              		.loc 1 528 1
 993              		.cfi_startproc
 994              		@ args = 0, pretend = 0, frame = 16
 995              		@ frame_needed = 1, uses_anonymous_args = 0
 996 0000 80B5     		push	{r7, lr}
 997              	.LCFI24:
 998              		.cfi_def_cfa_offset 8
 999              		.cfi_offset 7, -8
 1000              		.cfi_offset 14, -4
 1001 0002 84B0     		sub	sp, sp, #16
 1002              	.LCFI25:
 1003              		.cfi_def_cfa_offset 24
 1004 0004 00AF     		add	r7, sp, #0
 1005              	.LCFI26:
 1006              		.cfi_def_cfa_register 7
 1007 0006 7860     		str	r0, [r7, #4]
 529:Drivers/STM32F0xx_HAL_Driver/Src/stm32f0xx_hal_exti.c ****   uint32_t maskline;
 530:Drivers/STM32F0xx_HAL_Driver/Src/stm32f0xx_hal_exti.c **** 
 531:Drivers/STM32F0xx_HAL_Driver/Src/stm32f0xx_hal_exti.c ****   /* Check parameters */
 532:Drivers/STM32F0xx_HAL_Driver/Src/stm32f0xx_hal_exti.c ****   assert_param(IS_EXTI_LINE(hexti->Line));
 533:Drivers/STM32F0xx_HAL_Driver/Src/stm32f0xx_hal_exti.c ****   assert_param(IS_EXTI_CONFIG_LINE(hexti->Line));
 534:Drivers/STM32F0xx_HAL_Driver/Src/stm32f0xx_hal_exti.c **** 
 535:Drivers/STM32F0xx_HAL_Driver/Src/stm32f0xx_hal_exti.c ****   /* Compute line mask */
 536:Drivers/STM32F0xx_HAL_Driver/Src/stm32f0xx_hal_exti.c ****   maskline = (1uL << (hexti->Line & EXTI_PIN_MASK));
 1008              		.loc 1 536 28
 1009 0008 7B68     		ldr	r3, [r7, #4]
 1010 000a 1B68     		ldr	r3, [r3]
 1011              		.loc 1 536 35
 1012 000c 1F22     		movs	r2, #31
 1013 000e 1340     		ands	r3, r2
 1014              		.loc 1 536 12
 1015 0010 0122     		movs	r2, #1
 1016 0012 9A40     		lsls	r2, r2, r3
 1017 0014 1300     		movs	r3, r2
 1018 0016 FB60     		str	r3, [r7, #12]
 537:Drivers/STM32F0xx_HAL_Driver/Src/stm32f0xx_hal_exti.c **** 
 538:Drivers/STM32F0xx_HAL_Driver/Src/stm32f0xx_hal_exti.c ****   /* Generate Software interrupt */
ARM GAS  /tmp/cc09RwwO.s 			page 28


 539:Drivers/STM32F0xx_HAL_Driver/Src/stm32f0xx_hal_exti.c ****   EXTI->SWIER = maskline;
 1019              		.loc 1 539 7
 1020 0018 034B     		ldr	r3, .L57
 1021              		.loc 1 539 15
 1022 001a FA68     		ldr	r2, [r7, #12]
 1023 001c 1A61     		str	r2, [r3, #16]
 540:Drivers/STM32F0xx_HAL_Driver/Src/stm32f0xx_hal_exti.c **** }
 1024              		.loc 1 540 1
 1025 001e C046     		nop
 1026 0020 BD46     		mov	sp, r7
 1027 0022 04B0     		add	sp, sp, #16
 1028              		@ sp needed
 1029 0024 80BD     		pop	{r7, pc}
 1030              	.L58:
 1031 0026 C046     		.align	2
 1032              	.L57:
 1033 0028 00040140 		.word	1073808384
 1034              		.cfi_endproc
 1035              	.LFE48:
 1037              		.text
 1038              	.Letext0:
 1039              		.file 2 "/usr/arm-none-eabi/include/machine/_default_types.h"
 1040              		.file 3 "/usr/arm-none-eabi/include/sys/_stdint.h"
 1041              		.file 4 "Drivers/CMSIS/Device/ST/STM32F0xx/Include/stm32f030x6.h"
 1042              		.file 5 "Drivers/STM32F0xx_HAL_Driver/Inc/stm32f0xx_hal_def.h"
 1043              		.file 6 "Drivers/STM32F0xx_HAL_Driver/Inc/stm32f0xx_hal_exti.h"
ARM GAS  /tmp/cc09RwwO.s 			page 29


DEFINED SYMBOLS
                            *ABS*:00000000 stm32f0xx_hal_exti.c
     /tmp/cc09RwwO.s:19     .text.HAL_EXTI_SetConfigLine:00000000 $t
     /tmp/cc09RwwO.s:25     .text.HAL_EXTI_SetConfigLine:00000000 HAL_EXTI_SetConfigLine
     /tmp/cc09RwwO.s:282    .text.HAL_EXTI_SetConfigLine:00000140 $d
     /tmp/cc09RwwO.s:288    .text.HAL_EXTI_GetConfigLine:00000000 $t
     /tmp/cc09RwwO.s:294    .text.HAL_EXTI_GetConfigLine:00000000 HAL_EXTI_GetConfigLine
     /tmp/cc09RwwO.s:493    .text.HAL_EXTI_GetConfigLine:000000f4 $d
     /tmp/cc09RwwO.s:499    .text.HAL_EXTI_ClearConfigLine:00000000 $t
     /tmp/cc09RwwO.s:505    .text.HAL_EXTI_ClearConfigLine:00000000 HAL_EXTI_ClearConfigLine
     /tmp/cc09RwwO.s:662    .text.HAL_EXTI_ClearConfigLine:000000b8 $d
     /tmp/cc09RwwO.s:668    .text.HAL_EXTI_RegisterCallback:00000000 $t
     /tmp/cc09RwwO.s:674    .text.HAL_EXTI_RegisterCallback:00000000 HAL_EXTI_RegisterCallback
     /tmp/cc09RwwO.s:736    .text.HAL_EXTI_GetHandle:00000000 $t
     /tmp/cc09RwwO.s:742    .text.HAL_EXTI_GetHandle:00000000 HAL_EXTI_GetHandle
     /tmp/cc09RwwO.s:786    .text.HAL_EXTI_IRQHandler:00000000 $t
     /tmp/cc09RwwO.s:792    .text.HAL_EXTI_IRQHandler:00000000 HAL_EXTI_IRQHandler
     /tmp/cc09RwwO.s:859    .text.HAL_EXTI_IRQHandler:00000044 $d
     /tmp/cc09RwwO.s:864    .text.HAL_EXTI_GetPending:00000000 $t
     /tmp/cc09RwwO.s:870    .text.HAL_EXTI_GetPending:00000000 HAL_EXTI_GetPending
     /tmp/cc09RwwO.s:924    .text.HAL_EXTI_GetPending:00000038 $d
     /tmp/cc09RwwO.s:929    .text.HAL_EXTI_ClearPending:00000000 $t
     /tmp/cc09RwwO.s:935    .text.HAL_EXTI_ClearPending:00000000 HAL_EXTI_ClearPending
     /tmp/cc09RwwO.s:979    .text.HAL_EXTI_ClearPending:00000028 $d
     /tmp/cc09RwwO.s:984    .text.HAL_EXTI_GenerateSWI:00000000 $t
     /tmp/cc09RwwO.s:990    .text.HAL_EXTI_GenerateSWI:00000000 HAL_EXTI_GenerateSWI
     /tmp/cc09RwwO.s:1033   .text.HAL_EXTI_GenerateSWI:00000028 $d

NO UNDEFINED SYMBOLS
