ARM GAS  /tmp/cctKZEcg.s 			page 1


   1              		.cpu cortex-m0
   2              		.arch armv6s-m
   3              		.fpu softvfp
   4              		.eabi_attribute 20, 1
   5              		.eabi_attribute 21, 1
   6              		.eabi_attribute 23, 3
   7              		.eabi_attribute 24, 1
   8              		.eabi_attribute 25, 1
   9              		.eabi_attribute 26, 1
  10              		.eabi_attribute 30, 6
  11              		.eabi_attribute 34, 0
  12              		.eabi_attribute 18, 4
  13              		.file	"stm32f0xx_it.c"
  14              		.text
  15              	.Ltext0:
  16              		.cfi_sections	.debug_frame
  17              		.file 1 "Src/stm32f0xx_it.c"
  18              		.section	.text.NMI_Handler,"ax",%progbits
  19              		.align	1
  20              		.global	NMI_Handler
  21              		.syntax unified
  22              		.code	16
  23              		.thumb_func
  25              	NMI_Handler:
  26              	.LFB40:
   1:Src/stm32f0xx_it.c **** /* USER CODE BEGIN Header */
   2:Src/stm32f0xx_it.c **** /**
   3:Src/stm32f0xx_it.c ****   ******************************************************************************
   4:Src/stm32f0xx_it.c ****   * @file    stm32f0xx_it.c
   5:Src/stm32f0xx_it.c ****   * @brief   Interrupt Service Routines.
   6:Src/stm32f0xx_it.c ****   ******************************************************************************
   7:Src/stm32f0xx_it.c ****   * @attention
   8:Src/stm32f0xx_it.c ****   *
   9:Src/stm32f0xx_it.c ****   * Copyright (c) 2024 STMicroelectronics.
  10:Src/stm32f0xx_it.c ****   * All rights reserved.
  11:Src/stm32f0xx_it.c ****   *
  12:Src/stm32f0xx_it.c ****   * This software is licensed under terms that can be found in the LICENSE file
  13:Src/stm32f0xx_it.c ****   * in the root directory of this software component.
  14:Src/stm32f0xx_it.c ****   * If no LICENSE file comes with this software, it is provided AS-IS.
  15:Src/stm32f0xx_it.c ****   *
  16:Src/stm32f0xx_it.c ****   ******************************************************************************
  17:Src/stm32f0xx_it.c ****   */
  18:Src/stm32f0xx_it.c **** /* USER CODE END Header */
  19:Src/stm32f0xx_it.c **** 
  20:Src/stm32f0xx_it.c **** /* Includes ------------------------------------------------------------------*/
  21:Src/stm32f0xx_it.c **** #include "main.h"
  22:Src/stm32f0xx_it.c **** #include "stm32f0xx_it.h"
  23:Src/stm32f0xx_it.c **** /* Private includes ----------------------------------------------------------*/
  24:Src/stm32f0xx_it.c **** /* USER CODE BEGIN Includes */
  25:Src/stm32f0xx_it.c **** /* USER CODE END Includes */
  26:Src/stm32f0xx_it.c **** 
  27:Src/stm32f0xx_it.c **** /* Private typedef -----------------------------------------------------------*/
  28:Src/stm32f0xx_it.c **** /* USER CODE BEGIN TD */
  29:Src/stm32f0xx_it.c **** 
  30:Src/stm32f0xx_it.c **** /* USER CODE END TD */
  31:Src/stm32f0xx_it.c **** 
  32:Src/stm32f0xx_it.c **** /* Private define ------------------------------------------------------------*/
ARM GAS  /tmp/cctKZEcg.s 			page 2


  33:Src/stm32f0xx_it.c **** /* USER CODE BEGIN PD */
  34:Src/stm32f0xx_it.c **** 
  35:Src/stm32f0xx_it.c **** /* USER CODE END PD */
  36:Src/stm32f0xx_it.c **** 
  37:Src/stm32f0xx_it.c **** /* Private macro -------------------------------------------------------------*/
  38:Src/stm32f0xx_it.c **** /* USER CODE BEGIN PM */
  39:Src/stm32f0xx_it.c **** 
  40:Src/stm32f0xx_it.c **** /* USER CODE END PM */
  41:Src/stm32f0xx_it.c **** 
  42:Src/stm32f0xx_it.c **** /* Private variables ---------------------------------------------------------*/
  43:Src/stm32f0xx_it.c **** /* USER CODE BEGIN PV */
  44:Src/stm32f0xx_it.c **** 
  45:Src/stm32f0xx_it.c **** /* USER CODE END PV */
  46:Src/stm32f0xx_it.c **** 
  47:Src/stm32f0xx_it.c **** /* Private function prototypes -----------------------------------------------*/
  48:Src/stm32f0xx_it.c **** /* USER CODE BEGIN PFP */
  49:Src/stm32f0xx_it.c **** 
  50:Src/stm32f0xx_it.c **** /* USER CODE END PFP */
  51:Src/stm32f0xx_it.c **** 
  52:Src/stm32f0xx_it.c **** /* Private user code ---------------------------------------------------------*/
  53:Src/stm32f0xx_it.c **** /* USER CODE BEGIN 0 */
  54:Src/stm32f0xx_it.c **** 
  55:Src/stm32f0xx_it.c **** /* USER CODE END 0 */
  56:Src/stm32f0xx_it.c **** 
  57:Src/stm32f0xx_it.c **** /* External variables --------------------------------------------------------*/
  58:Src/stm32f0xx_it.c **** extern TIM_HandleTypeDef htim17;
  59:Src/stm32f0xx_it.c **** extern UART_HandleTypeDef huart1;
  60:Src/stm32f0xx_it.c **** /* USER CODE BEGIN EV */
  61:Src/stm32f0xx_it.c **** 
  62:Src/stm32f0xx_it.c **** /* USER CODE END EV */
  63:Src/stm32f0xx_it.c **** 
  64:Src/stm32f0xx_it.c **** /******************************************************************************/
  65:Src/stm32f0xx_it.c **** /*           Cortex-M0 Processor Interruption and Exception Handlers          */
  66:Src/stm32f0xx_it.c **** /******************************************************************************/
  67:Src/stm32f0xx_it.c **** /**
  68:Src/stm32f0xx_it.c ****   * @brief This function handles Non maskable interrupt.
  69:Src/stm32f0xx_it.c ****   */
  70:Src/stm32f0xx_it.c **** void NMI_Handler(void)
  71:Src/stm32f0xx_it.c **** {
  27              		.loc 1 71 1
  28              		.cfi_startproc
  29              		@ args = 0, pretend = 0, frame = 0
  30              		@ frame_needed = 1, uses_anonymous_args = 0
  31 0000 80B5     		push	{r7, lr}
  32              	.LCFI0:
  33              		.cfi_def_cfa_offset 8
  34              		.cfi_offset 7, -8
  35              		.cfi_offset 14, -4
  36 0002 00AF     		add	r7, sp, #0
  37              	.LCFI1:
  38              		.cfi_def_cfa_register 7
  39              	.L2:
  72:Src/stm32f0xx_it.c ****   /* USER CODE BEGIN NonMaskableInt_IRQn 0 */
  73:Src/stm32f0xx_it.c **** 
  74:Src/stm32f0xx_it.c ****   /* USER CODE END NonMaskableInt_IRQn 0 */
  75:Src/stm32f0xx_it.c ****   /* USER CODE BEGIN NonMaskableInt_IRQn 1 */
  76:Src/stm32f0xx_it.c ****    while (1)
ARM GAS  /tmp/cctKZEcg.s 			page 3


  40              		.loc 1 76 10
  41 0004 C046     		nop
  42 0006 FDE7     		b	.L2
  43              		.cfi_endproc
  44              	.LFE40:
  46              		.section	.text.HardFault_Handler,"ax",%progbits
  47              		.align	1
  48              		.global	HardFault_Handler
  49              		.syntax unified
  50              		.code	16
  51              		.thumb_func
  53              	HardFault_Handler:
  54              	.LFB41:
  77:Src/stm32f0xx_it.c ****   {
  78:Src/stm32f0xx_it.c ****   }
  79:Src/stm32f0xx_it.c ****   /* USER CODE END NonMaskableInt_IRQn 1 */
  80:Src/stm32f0xx_it.c **** }
  81:Src/stm32f0xx_it.c **** 
  82:Src/stm32f0xx_it.c **** /**
  83:Src/stm32f0xx_it.c ****   * @brief This function handles Hard fault interrupt.
  84:Src/stm32f0xx_it.c ****   */
  85:Src/stm32f0xx_it.c **** void HardFault_Handler(void)
  86:Src/stm32f0xx_it.c **** {
  55              		.loc 1 86 1
  56              		.cfi_startproc
  57              		@ args = 0, pretend = 0, frame = 0
  58              		@ frame_needed = 1, uses_anonymous_args = 0
  59 0000 80B5     		push	{r7, lr}
  60              	.LCFI2:
  61              		.cfi_def_cfa_offset 8
  62              		.cfi_offset 7, -8
  63              		.cfi_offset 14, -4
  64 0002 00AF     		add	r7, sp, #0
  65              	.LCFI3:
  66              		.cfi_def_cfa_register 7
  67              	.L4:
  87:Src/stm32f0xx_it.c ****   /* USER CODE BEGIN HardFault_IRQn 0 */
  88:Src/stm32f0xx_it.c **** 
  89:Src/stm32f0xx_it.c ****   /* USER CODE END HardFault_IRQn 0 */
  90:Src/stm32f0xx_it.c ****   while (1)
  68              		.loc 1 90 9
  69 0004 C046     		nop
  70 0006 FDE7     		b	.L4
  71              		.cfi_endproc
  72              	.LFE41:
  74              		.section	.text.SVC_Handler,"ax",%progbits
  75              		.align	1
  76              		.global	SVC_Handler
  77              		.syntax unified
  78              		.code	16
  79              		.thumb_func
  81              	SVC_Handler:
  82              	.LFB42:
  91:Src/stm32f0xx_it.c ****   {
  92:Src/stm32f0xx_it.c ****     /* USER CODE BEGIN W1_HardFault_IRQn 0 */
  93:Src/stm32f0xx_it.c ****     /* USER CODE END W1_HardFault_IRQn 0 */
  94:Src/stm32f0xx_it.c ****   }
ARM GAS  /tmp/cctKZEcg.s 			page 4


  95:Src/stm32f0xx_it.c **** }
  96:Src/stm32f0xx_it.c **** 
  97:Src/stm32f0xx_it.c **** /**
  98:Src/stm32f0xx_it.c ****   * @brief This function handles System service call via SWI instruction.
  99:Src/stm32f0xx_it.c ****   */
 100:Src/stm32f0xx_it.c **** void SVC_Handler(void)
 101:Src/stm32f0xx_it.c **** {
  83              		.loc 1 101 1
  84              		.cfi_startproc
  85              		@ args = 0, pretend = 0, frame = 0
  86              		@ frame_needed = 1, uses_anonymous_args = 0
  87 0000 80B5     		push	{r7, lr}
  88              	.LCFI4:
  89              		.cfi_def_cfa_offset 8
  90              		.cfi_offset 7, -8
  91              		.cfi_offset 14, -4
  92 0002 00AF     		add	r7, sp, #0
  93              	.LCFI5:
  94              		.cfi_def_cfa_register 7
 102:Src/stm32f0xx_it.c ****   /* USER CODE BEGIN SVC_IRQn 0 */
 103:Src/stm32f0xx_it.c **** 
 104:Src/stm32f0xx_it.c ****   /* USER CODE END SVC_IRQn 0 */
 105:Src/stm32f0xx_it.c ****   /* USER CODE BEGIN SVC_IRQn 1 */
 106:Src/stm32f0xx_it.c **** 
 107:Src/stm32f0xx_it.c ****   /* USER CODE END SVC_IRQn 1 */
 108:Src/stm32f0xx_it.c **** }
  95              		.loc 1 108 1
  96 0004 C046     		nop
  97 0006 BD46     		mov	sp, r7
  98              		@ sp needed
  99 0008 80BD     		pop	{r7, pc}
 100              		.cfi_endproc
 101              	.LFE42:
 103              		.section	.text.PendSV_Handler,"ax",%progbits
 104              		.align	1
 105              		.global	PendSV_Handler
 106              		.syntax unified
 107              		.code	16
 108              		.thumb_func
 110              	PendSV_Handler:
 111              	.LFB43:
 109:Src/stm32f0xx_it.c **** 
 110:Src/stm32f0xx_it.c **** /**
 111:Src/stm32f0xx_it.c ****   * @brief This function handles Pendable request for system service.
 112:Src/stm32f0xx_it.c ****   */
 113:Src/stm32f0xx_it.c **** void PendSV_Handler(void)
 114:Src/stm32f0xx_it.c **** {
 112              		.loc 1 114 1
 113              		.cfi_startproc
 114              		@ args = 0, pretend = 0, frame = 0
 115              		@ frame_needed = 1, uses_anonymous_args = 0
 116 0000 80B5     		push	{r7, lr}
 117              	.LCFI6:
 118              		.cfi_def_cfa_offset 8
 119              		.cfi_offset 7, -8
 120              		.cfi_offset 14, -4
 121 0002 00AF     		add	r7, sp, #0
ARM GAS  /tmp/cctKZEcg.s 			page 5


 122              	.LCFI7:
 123              		.cfi_def_cfa_register 7
 115:Src/stm32f0xx_it.c ****   /* USER CODE BEGIN PendSV_IRQn 0 */
 116:Src/stm32f0xx_it.c **** 
 117:Src/stm32f0xx_it.c ****   /* USER CODE END PendSV_IRQn 0 */
 118:Src/stm32f0xx_it.c ****   /* USER CODE BEGIN PendSV_IRQn 1 */
 119:Src/stm32f0xx_it.c **** 
 120:Src/stm32f0xx_it.c ****   /* USER CODE END PendSV_IRQn 1 */
 121:Src/stm32f0xx_it.c **** }
 124              		.loc 1 121 1
 125 0004 C046     		nop
 126 0006 BD46     		mov	sp, r7
 127              		@ sp needed
 128 0008 80BD     		pop	{r7, pc}
 129              		.cfi_endproc
 130              	.LFE43:
 132              		.section	.text.SysTick_Handler,"ax",%progbits
 133              		.align	1
 134              		.global	SysTick_Handler
 135              		.syntax unified
 136              		.code	16
 137              		.thumb_func
 139              	SysTick_Handler:
 140              	.LFB44:
 122:Src/stm32f0xx_it.c **** 
 123:Src/stm32f0xx_it.c **** /**
 124:Src/stm32f0xx_it.c ****   * @brief This function handles System tick timer.
 125:Src/stm32f0xx_it.c ****   */
 126:Src/stm32f0xx_it.c **** void SysTick_Handler(void)
 127:Src/stm32f0xx_it.c **** {
 141              		.loc 1 127 1
 142              		.cfi_startproc
 143              		@ args = 0, pretend = 0, frame = 0
 144              		@ frame_needed = 1, uses_anonymous_args = 0
 145 0000 80B5     		push	{r7, lr}
 146              	.LCFI8:
 147              		.cfi_def_cfa_offset 8
 148              		.cfi_offset 7, -8
 149              		.cfi_offset 14, -4
 150 0002 00AF     		add	r7, sp, #0
 151              	.LCFI9:
 152              		.cfi_def_cfa_register 7
 128:Src/stm32f0xx_it.c ****   /* USER CODE BEGIN SysTick_IRQn 0 */
 129:Src/stm32f0xx_it.c **** 
 130:Src/stm32f0xx_it.c ****   /* USER CODE END SysTick_IRQn 0 */
 131:Src/stm32f0xx_it.c ****   HAL_IncTick();
 153              		.loc 1 131 3
 154 0004 FFF7FEFF 		bl	HAL_IncTick
 132:Src/stm32f0xx_it.c ****   /* USER CODE BEGIN SysTick_IRQn 1 */
 133:Src/stm32f0xx_it.c **** 
 134:Src/stm32f0xx_it.c ****   /* USER CODE END SysTick_IRQn 1 */
 135:Src/stm32f0xx_it.c **** }
 155              		.loc 1 135 1
 156 0008 C046     		nop
 157 000a BD46     		mov	sp, r7
 158              		@ sp needed
 159 000c 80BD     		pop	{r7, pc}
ARM GAS  /tmp/cctKZEcg.s 			page 6


 160              		.cfi_endproc
 161              	.LFE44:
 163              		.section	.text.EXTI0_1_IRQHandler,"ax",%progbits
 164              		.align	1
 165              		.global	EXTI0_1_IRQHandler
 166              		.syntax unified
 167              		.code	16
 168              		.thumb_func
 170              	EXTI0_1_IRQHandler:
 171              	.LFB45:
 136:Src/stm32f0xx_it.c **** 
 137:Src/stm32f0xx_it.c **** /******************************************************************************/
 138:Src/stm32f0xx_it.c **** /* STM32F0xx Peripheral Interrupt Handlers                                    */
 139:Src/stm32f0xx_it.c **** /* Add here the Interrupt Handlers for the used peripherals.                  */
 140:Src/stm32f0xx_it.c **** /* For the available peripheral interrupt handler names,                      */
 141:Src/stm32f0xx_it.c **** /* please refer to the startup file (startup_stm32f0xx.s).                    */
 142:Src/stm32f0xx_it.c **** /******************************************************************************/
 143:Src/stm32f0xx_it.c **** 
 144:Src/stm32f0xx_it.c **** /**
 145:Src/stm32f0xx_it.c ****   * @brief This function handles EXTI line 0 and 1 interrupts.
 146:Src/stm32f0xx_it.c ****   */
 147:Src/stm32f0xx_it.c **** void EXTI0_1_IRQHandler(void)
 148:Src/stm32f0xx_it.c **** {
 172              		.loc 1 148 1
 173              		.cfi_startproc
 174              		@ args = 0, pretend = 0, frame = 0
 175              		@ frame_needed = 1, uses_anonymous_args = 0
 176 0000 80B5     		push	{r7, lr}
 177              	.LCFI10:
 178              		.cfi_def_cfa_offset 8
 179              		.cfi_offset 7, -8
 180              		.cfi_offset 14, -4
 181 0002 00AF     		add	r7, sp, #0
 182              	.LCFI11:
 183              		.cfi_def_cfa_register 7
 149:Src/stm32f0xx_it.c ****   /* USER CODE BEGIN EXTI0_1_IRQn 0 */
 150:Src/stm32f0xx_it.c **** 
 151:Src/stm32f0xx_it.c ****   /* USER CODE END EXTI0_1_IRQn 0 */
 152:Src/stm32f0xx_it.c ****   HAL_GPIO_EXTI_IRQHandler(GPIO_PIN_1);
 184              		.loc 1 152 3
 185 0004 0220     		movs	r0, #2
 186 0006 FFF7FEFF 		bl	HAL_GPIO_EXTI_IRQHandler
 153:Src/stm32f0xx_it.c ****   /* USER CODE BEGIN EXTI0_1_IRQn 1 */
 154:Src/stm32f0xx_it.c **** 
 155:Src/stm32f0xx_it.c ****   /* USER CODE END EXTI0_1_IRQn 1 */
 156:Src/stm32f0xx_it.c **** }
 187              		.loc 1 156 1
 188 000a C046     		nop
 189 000c BD46     		mov	sp, r7
 190              		@ sp needed
 191 000e 80BD     		pop	{r7, pc}
 192              		.cfi_endproc
 193              	.LFE45:
 195              		.section	.text.TIM17_IRQHandler,"ax",%progbits
 196              		.align	1
 197              		.global	TIM17_IRQHandler
 198              		.syntax unified
ARM GAS  /tmp/cctKZEcg.s 			page 7


 199              		.code	16
 200              		.thumb_func
 202              	TIM17_IRQHandler:
 203              	.LFB46:
 157:Src/stm32f0xx_it.c **** 
 158:Src/stm32f0xx_it.c **** /**
 159:Src/stm32f0xx_it.c ****   * @brief This function handles TIM17 global interrupt.
 160:Src/stm32f0xx_it.c ****   */
 161:Src/stm32f0xx_it.c **** void TIM17_IRQHandler(void)
 162:Src/stm32f0xx_it.c **** {
 204              		.loc 1 162 1
 205              		.cfi_startproc
 206              		@ args = 0, pretend = 0, frame = 0
 207              		@ frame_needed = 1, uses_anonymous_args = 0
 208 0000 80B5     		push	{r7, lr}
 209              	.LCFI12:
 210              		.cfi_def_cfa_offset 8
 211              		.cfi_offset 7, -8
 212              		.cfi_offset 14, -4
 213 0002 00AF     		add	r7, sp, #0
 214              	.LCFI13:
 215              		.cfi_def_cfa_register 7
 163:Src/stm32f0xx_it.c ****   /* USER CODE BEGIN TIM17_IRQn 0 */
 164:Src/stm32f0xx_it.c **** 
 165:Src/stm32f0xx_it.c ****   /* USER CODE END TIM17_IRQn 0 */
 166:Src/stm32f0xx_it.c ****   HAL_TIM_IRQHandler(&htim17);
 216              		.loc 1 166 3
 217 0004 034B     		ldr	r3, .L10
 218 0006 1800     		movs	r0, r3
 219 0008 FFF7FEFF 		bl	HAL_TIM_IRQHandler
 167:Src/stm32f0xx_it.c ****   /* USER CODE BEGIN TIM17_IRQn 1 */
 168:Src/stm32f0xx_it.c **** 
 169:Src/stm32f0xx_it.c ****   /* USER CODE END TIM17_IRQn 1 */
 170:Src/stm32f0xx_it.c **** }
 220              		.loc 1 170 1
 221 000c C046     		nop
 222 000e BD46     		mov	sp, r7
 223              		@ sp needed
 224 0010 80BD     		pop	{r7, pc}
 225              	.L11:
 226 0012 C046     		.align	2
 227              	.L10:
 228 0014 00000000 		.word	htim17
 229              		.cfi_endproc
 230              	.LFE46:
 232              		.section	.text.USART1_IRQHandler,"ax",%progbits
 233              		.align	1
 234              		.global	USART1_IRQHandler
 235              		.syntax unified
 236              		.code	16
 237              		.thumb_func
 239              	USART1_IRQHandler:
 240              	.LFB47:
 171:Src/stm32f0xx_it.c **** 
 172:Src/stm32f0xx_it.c **** /**
 173:Src/stm32f0xx_it.c ****   * @brief This function handles USART1 global interrupt.
 174:Src/stm32f0xx_it.c ****   */
ARM GAS  /tmp/cctKZEcg.s 			page 8


 175:Src/stm32f0xx_it.c **** void USART1_IRQHandler(void)
 176:Src/stm32f0xx_it.c **** {
 241              		.loc 1 176 1
 242              		.cfi_startproc
 243              		@ args = 0, pretend = 0, frame = 0
 244              		@ frame_needed = 1, uses_anonymous_args = 0
 245 0000 80B5     		push	{r7, lr}
 246              	.LCFI14:
 247              		.cfi_def_cfa_offset 8
 248              		.cfi_offset 7, -8
 249              		.cfi_offset 14, -4
 250 0002 00AF     		add	r7, sp, #0
 251              	.LCFI15:
 252              		.cfi_def_cfa_register 7
 177:Src/stm32f0xx_it.c ****   /* USER CODE BEGIN USART1_IRQn 0 */
 178:Src/stm32f0xx_it.c **** 
 179:Src/stm32f0xx_it.c ****   /* USER CODE END USART1_IRQn 0 */
 180:Src/stm32f0xx_it.c ****   HAL_UART_IRQHandler(&huart1);
 253              		.loc 1 180 3
 254 0004 034B     		ldr	r3, .L13
 255 0006 1800     		movs	r0, r3
 256 0008 FFF7FEFF 		bl	HAL_UART_IRQHandler
 181:Src/stm32f0xx_it.c ****   /* USER CODE BEGIN USART1_IRQn 1 */
 182:Src/stm32f0xx_it.c **** 
 183:Src/stm32f0xx_it.c ****   /* USER CODE END USART1_IRQn 1 */
 184:Src/stm32f0xx_it.c **** }
 257              		.loc 1 184 1
 258 000c C046     		nop
 259 000e BD46     		mov	sp, r7
 260              		@ sp needed
 261 0010 80BD     		pop	{r7, pc}
 262              	.L14:
 263 0012 C046     		.align	2
 264              	.L13:
 265 0014 00000000 		.word	huart1
 266              		.cfi_endproc
 267              	.LFE47:
 269              		.text
 270              	.Letext0:
 271              		.file 2 "/usr/arm-none-eabi/include/machine/_default_types.h"
 272              		.file 3 "/usr/arm-none-eabi/include/sys/_stdint.h"
 273              		.file 4 "Drivers/CMSIS/Device/ST/STM32F0xx/Include/stm32f030x6.h"
 274              		.file 5 "Drivers/STM32F0xx_HAL_Driver/Inc/stm32f0xx_hal_def.h"
 275              		.file 6 "Drivers/STM32F0xx_HAL_Driver/Inc/stm32f0xx_hal_dma.h"
 276              		.file 7 "Drivers/STM32F0xx_HAL_Driver/Inc/stm32f0xx_hal_tim.h"
 277              		.file 8 "Drivers/STM32F0xx_HAL_Driver/Inc/stm32f0xx_hal_uart.h"
 278              		.file 9 "Drivers/STM32F0xx_HAL_Driver/Inc/stm32f0xx_hal_gpio.h"
 279              		.file 10 "Drivers/STM32F0xx_HAL_Driver/Inc/stm32f0xx_hal.h"
ARM GAS  /tmp/cctKZEcg.s 			page 9


DEFINED SYMBOLS
                            *ABS*:00000000 stm32f0xx_it.c
     /tmp/cctKZEcg.s:19     .text.NMI_Handler:00000000 $t
     /tmp/cctKZEcg.s:25     .text.NMI_Handler:00000000 NMI_Handler
     /tmp/cctKZEcg.s:47     .text.HardFault_Handler:00000000 $t
     /tmp/cctKZEcg.s:53     .text.HardFault_Handler:00000000 HardFault_Handler
     /tmp/cctKZEcg.s:75     .text.SVC_Handler:00000000 $t
     /tmp/cctKZEcg.s:81     .text.SVC_Handler:00000000 SVC_Handler
     /tmp/cctKZEcg.s:104    .text.PendSV_Handler:00000000 $t
     /tmp/cctKZEcg.s:110    .text.PendSV_Handler:00000000 PendSV_Handler
     /tmp/cctKZEcg.s:133    .text.SysTick_Handler:00000000 $t
     /tmp/cctKZEcg.s:139    .text.SysTick_Handler:00000000 SysTick_Handler
     /tmp/cctKZEcg.s:164    .text.EXTI0_1_IRQHandler:00000000 $t
     /tmp/cctKZEcg.s:170    .text.EXTI0_1_IRQHandler:00000000 EXTI0_1_IRQHandler
     /tmp/cctKZEcg.s:196    .text.TIM17_IRQHandler:00000000 $t
     /tmp/cctKZEcg.s:202    .text.TIM17_IRQHandler:00000000 TIM17_IRQHandler
     /tmp/cctKZEcg.s:228    .text.TIM17_IRQHandler:00000014 $d
     /tmp/cctKZEcg.s:233    .text.USART1_IRQHandler:00000000 $t
     /tmp/cctKZEcg.s:239    .text.USART1_IRQHandler:00000000 USART1_IRQHandler
     /tmp/cctKZEcg.s:265    .text.USART1_IRQHandler:00000014 $d

UNDEFINED SYMBOLS
HAL_IncTick
HAL_GPIO_EXTI_IRQHandler
HAL_TIM_IRQHandler
htim17
HAL_UART_IRQHandler
huart1
